#
# A fatal error has been detected by the Java Runtime Environment:
#
#  EXCEPTION_ACCESS_VIOLATION (0xc0000005) at pc=0x00007ff90838c876, pid=44836, tid=41388
#
# JRE version: OpenJDK Runtime Environment Temurin-21+35-202309042131 (21.0+35) (build 21-beta+35-ea)
# Java VM: OpenJDK 64-Bit Server VM Temurin-21+35-202309042131 (21-beta+35-ea, mixed mode, emulated-client, sharing, tiered, compressed oops, compressed class ptrs, g1 gc, windows-amd64)
# Problematic frame:
# V  [jvm.dll+0xc876]
#
# No core dump will be written. Minidumps are not enabled by default on client versions of Windows
#
# If you would like to submit a bug report, please visit:
#   https://github.com/adoptium/adoptium-support/issues
#

---------------  S U M M A R Y ------------

Command Line: -XX:+ShowCodeDetailsInExceptionMessages -agentlib:jdwp=transport=dt_socket,suspend=y,address=localhost:55100 -Dcom.sun.management.jmxremote -Dcom.sun.management.jmxremote.port=55099 -Dcom.sun.management.jmxremote.authenticate=false -Dcom.sun.management.jmxremote.ssl=false -Djava.rmi.server.hostname=localhost -Dspring.jmx.enabled=true -Dmanagement.endpoints.jmx.exposure.include=* -Dspring.application.admin.enabled=true -XX:TieredStopAtLevel=1 -Dspring.boot.project.name=NHS -javaagent:C:\Users\seali\Downloads\pleiades-2023-09-java-win-64bit-jre_20231005\eclipse\configuration\org.eclipse.osgi\252\0\.cp\lib\javaagent-shaded.jar -Dfile.encoding=UTF-8 -Dstdout.encoding=UTF-8 -Dstderr.encoding=UTF-8 com.example.demo.NhsApplication --spring.output.ansi.enabled=always

Host: 11th Gen Intel(R) Core(TM) i7-11700 @ 2.50GHz, 16 cores, 15G,  Windows 11 , 64 bit Build 22621 (10.0.22621.2506)
Time: Thu Nov 16 23:45:09 2023  Windows 11 , 64 bit Build 22621 (10.0.22621.2506) elapsed time: 14456.500603 seconds (0d 4h 0m 56s)

---------------  T H R E A D  ---------------

Current thread (0x000001366d84b590):  WorkerThread "GC Thread#3"    [id=41388, stack(0x0000000cb6600000,0x0000000cb6700000) (1024K)]

Stack: [0x0000000cb6600000,0x0000000cb6700000],  sp=0x0000000cb66fe188,  free space=1016k
Native frames: (J=compiled Java code, j=interpreted, Vv=VM code, C=native code)
V  [jvm.dll+0xc876]

JavaThread 0x000001366e0518b0 (nid = 18316) was being processed
Java frames: (J=compiled Java code, j=interpreted, Vv=VM code)
j  java.lang.invoke.DirectMethodHandle$Holder.newInvokeSpecial(Ljava/lang/Object;)Ljava/lang/Object;+15 java.base@21-beta
J 906 c1 jdk.internal.reflect.DirectConstructorHandleAccessor.newInstance([Ljava/lang/Object;)Ljava/lang/Object; java.base@21-beta (130 bytes) @ 0x000001361c939b6c [0x000001361c939960+0x000000000000020c]
J 905 c1 java.lang.reflect.Constructor.newInstanceWithCaller([Ljava/lang/Object;ZLjava/lang/Class;)Ljava/lang/Object; java.base@21-beta (51 bytes) @ 0x000001361c9364bc [0x000001361c9363e0+0x00000000000000dc]
J 3334 c1 org.springframework.beans.BeanUtils.instantiateClass(Ljava/lang/reflect/Constructor;[Ljava/lang/Object;)Ljava/lang/Object; (208 bytes) @ 0x000001361d17a354 [0x000001361d179d80+0x00000000000005d4]
J 8110 c1 org.springframework.beans.factory.support.SimpleInstantiationStrategy.instantiate(Lorg/springframework/beans/factory/support/RootBeanDefinition;Ljava/lang/String;Lorg/springframework/beans/factory/BeanFactory;)Ljava/lang/Object; (123 bytes) @ 0x000001361d05d27c [0x000001361d05cda0+0x00000000000004dc]
J 8109 c1 org.springframework.beans.factory.support.AbstractAutowireCapableBeanFactory.instantiateBean(Ljava/lang/String;Lorg/springframework/beans/factory/support/RootBeanDefinition;)Lorg/springframework/beans/BeanWrapper; (51 bytes) @ 0x000001361d05e674 [0x000001361d05e5c0+0x00000000000000b4]
J 4954 c1 org.springframework.beans.factory.support.AbstractAutowireCapableBeanFactory.createBeanInstance(Ljava/lang/String;Lorg/springframework/beans/factory/support/RootBeanDefinition;[Ljava/lang/Object;)Lorg/springframework/beans/BeanWrapper; (241 bytes) @ 0x000001361d430c24 [0x000001361d430600+0x0000000000000624]
J 4959 c1 org.springframework.beans.factory.support.AbstractAutowireCapableBeanFactory.doCreateBean(Ljava/lang/String;Lorg/springframework/beans/factory/support/RootBeanDefinition;[Ljava/lang/Object;)Ljava/lang/Object; (469 bytes) @ 0x000001361d436edc [0x000001361d436d20+0x00000000000001bc]
J 4958 c1 org.springframework.beans.factory.support.AbstractAutowireCapableBeanFactory.createBean(Ljava/lang/String;Lorg/springframework/beans/factory/support/RootBeanDefinition;[Ljava/lang/Object;)Ljava/lang/Object; (214 bytes) @ 0x000001361d42d464 [0x000001361d42cf40+0x0000000000000524]
J 4974 c1 org.springframework.beans.factory.support.AbstractBeanFactory$$Lambda+0x0000013629274cb8.getObject()Ljava/lang/Object; (20 bytes) @ 0x000001361d43c03c [0x000001361d43bfa0+0x000000000000009c]
J 4972 c1 org.springframework.beans.factory.support.DefaultSingletonBeanRegistry.getSingleton(Ljava/lang/String;Lorg/springframework/beans/factory/ObjectFactory;)Ljava/lang/Object; (279 bytes) @ 0x000001361d439d44 [0x000001361d4399e0+0x0000000000000364]
J 3141 c1 org.springframework.beans.factory.support.AbstractBeanFactory.doGetBean(Ljava/lang/String;Ljava/lang/Class;[Ljava/lang/Object;Z)Ljava/lang/Object; (714 bytes) @ 0x000001361d1234fc [0x000001361d122e60+0x000000000000069c]
J 4831 c1 org.springframework.beans.factory.support.AbstractBeanFactory.getBean(Ljava/lang/String;)Ljava/lang/Object; (9 bytes) @ 0x000001361d3ee234 [0x000001361d3ee1c0+0x0000000000000074]
j  org.springframework.beans.factory.support.DefaultListableBeanFactory.preInstantiateSingletons()V+152
j  org.springframework.context.support.AbstractApplicationContext.finishBeanFactoryInitialization(Lorg/springframework/beans/factory/config/ConfigurableListableBeanFactory;)V+130
j  org.springframework.context.support.AbstractApplicationContext.refresh()V+86
j  org.springframework.boot.web.servlet.context.ServletWebServerApplicationContext.refresh()V+1
j  org.springframework.boot.SpringApplication.refresh(Lorg/springframework/context/ConfigurableApplicationContext;)V+1
j  org.springframework.boot.SpringApplication.refreshContext(Lorg/springframework/context/ConfigurableApplicationContext;)V+16
j  org.springframework.boot.SpringApplication.run([Ljava/lang/String;)Lorg/springframework/context/ConfigurableApplicationContext;+114
j  org.springframework.boot.SpringApplication.run([Ljava/lang/Class;[Ljava/lang/String;)Lorg/springframework/context/ConfigurableApplicationContext;+9
j  org.springframework.boot.SpringApplication.run(Ljava/lang/Class;[Ljava/lang/String;)Lorg/springframework/context/ConfigurableApplicationContext;+9
j  com.example.demo.NhsApplication.main([Ljava/lang/String;)V+3
j  java.lang.invoke.LambdaForm$DMH+0x0000013629004c00.invokeStatic(Ljava/lang/Object;Ljava/lang/Object;)V+10 java.base@21-beta
j  java.lang.invoke.LambdaForm$MH+0x0000013629867000.invoke(Ljava/lang/Object;Ljava/lang/Object;Ljava/lang/Object;)Ljava/lang/Object;+33 java.base@21-beta
J 4579 c1 jdk.internal.reflect.DirectMethodHandleAccessor.invoke(Ljava/lang/Object;[Ljava/lang/Object;)Ljava/lang/Object; java.base@21-beta (92 bytes) @ 0x000001361d37418c [0x000001361d373dc0+0x00000000000003cc]
J 4589 c1 java.lang.reflect.Method.invoke(Ljava/lang/Object;[Ljava/lang/Object;)Ljava/lang/Object; java.base@21-beta (108 bytes) @ 0x000001361d37987c [0x000001361d379680+0x00000000000001fc]
j  org.springframework.boot.devtools.restart.RestartLauncher.run()V+47
v  ~StubRoutines::call_stub 0x000001361c5710e7

siginfo: EXCEPTION_ACCESS_VIOLATION (0xc0000005), reading address 0x000001365072c737


Registers:
RAX=0x0000000000000000, RBX=0x0000000000000000, RCX=0x0000000cb5dfdbc0, RDX=0x0000000cb5dfdbc0
RSP=0x0000000cb66fe188, RBP=0x0000000cb66fe360, RSI=0x0000000cb66fe530, RDI=0x0000000cb5dfdbc0
R8 =0x000001365072c72f, R9 =0x0000000cb5dfdbc0, R10=0x0000000cb5dfdbc0, R11=0x0000000cb66fe3e8
R12=0x0000000000000000, R13=0x0000000cb5dfdbc0, R14=0x000001366d7700e0, R15=0x000001365072c72f
RIP=0x00007ff90838c876, EFLAGS=0x0000000000010202


Register to memory mapping:

RAX=0x0 is null
RBX=0x0 is null
RCX=0x0000000cb5dfdbc0 is pointing into the stack for thread: 0x000001366e0518b0
RDX=0x0000000cb5dfdbc0 is pointing into the stack for thread: 0x000001366e0518b0
RSP=0x0000000cb66fe188 points into unknown readable memory: 0x00007ff9086dd91b | 1b d9 6d 08 f9 7f 00 00
RBP=0x0000000cb66fe360 points into unknown readable memory: 0x0000013628017600 | 00 76 01 28 36 01 00 00
RSI=0x0000000cb66fe530 points into unknown readable memory: 0x0000000cb5dfdbb8 | b8 db df b5 0c 00 00 00
RDI=0x0000000cb5dfdbc0 is pointing into the stack for thread: 0x000001366e0518b0
R8 =0x000001365072c72f is an unknown value
R9 =0x0000000cb5dfdbc0 is pointing into the stack for thread: 0x000001366e0518b0
R10=0x0000000cb5dfdbc0 is pointing into the stack for thread: 0x000001366e0518b0
R11=0x0000000cb66fe3e8 points into unknown readable memory: 0x00007ff90869b245 | 45 b2 69 08 f9 7f 00 00
R12=0x0 is null
R13=0x0000000cb5dfdbc0 is pointing into the stack for thread: 0x000001366e0518b0
R14=0x000001366d7700e0 points into unknown readable memory: 0x00007ff908dae778 | 78 e7 da 08 f9 7f 00 00
R15=0x000001365072c72f is an unknown value

Top of Stack: (sp=0x0000000cb66fe188)
0x0000000cb66fe188:   00007ff9086dd91b 0000000cb66fe240
0x0000000cb66fe198:   0000000000000000 000000000000012f
0x0000000cb66fe1a8:   00007ff908a414df 000000000000012f
0x0000000cb66fe1b8:   0000000000000013 0000000000000025
0x0000000cb66fe1c8:   00007ff908b1c770 00000000aaaaaa85
0x0000000cb66fe1d8:   0000000000000008 000001366d929ba8
0x0000000cb66fe1e8:   0000000000000003 0000000000000003
0x0000000cb66fe1f8:   000001366d7e8160 0000000000000000
0x0000000cb66fe208:   0000000cb5dfdbc0 0000000cb66fe530
0x0000000cb66fe218:   0000000cb66fe360 000001366d929ba8
0x0000000cb66fe228:   00007ff9086ec388 0000000cb66fe2f8
0x0000000cb66fe238:   0000000cb66fe530 0000013628480090
0x0000000cb66fe248:   0000000000000000 000001366d929ba8
0x0000000cb66fe258:   00007ff90869b7eb 0000000000000001
0x0000000cb66fe268:   0000013628543cd8 000001366d929ba8
0x0000000cb66fe278:   0000000cb66fe530 0000000f6d655001
0x0000000cb66fe288:   00000136280b63d8 000001366d84b590
0x0000000cb66fe298:   000001366d070670 0000013628543cd8
0x0000000cb66fe2a8:   00000000000003d8 000001366d070680
0x0000000cb66fe2b8:   000001366d070a58 000001362872c72f
0x0000000cb66fe2c8:   00007ff9000000b8 00000136280b63d8
0x0000000cb66fe2d8:   00007ff908da5ea0 0000000cb66fe530
0x0000000cb66fe2e8:   000001366d929ba8 0000000400000003
0x0000000cb66fe2f8:   0000013628543cd8 0000001300000001
0x0000000cb66fe308:   0000000000000032 000000010000000c
0x0000000cb66fe318:   0000013628480090 0000000000000000
0x0000000cb66fe328:   000001366d655600 0000000000000000
0x0000000cb66fe338:   0000000000000000 0000000cb66fe440
0x0000000cb66fe348:   0000000000000000 0000000cb66ffaf0
0x0000000cb66fe358:   0000000cb66fe610 0000013628017600
0x0000000cb66fe368:   0000000628010013 0000013600000000
0x0000000cb66fe378:   0000000000000015 000001366d929ba8 

Instructions: (pc=0x00007ff90838c876)
0x00007ff90838c776:   37 48 8b d8 48 3b c1 75 e4 48 8b 5c 24 30 48 8b
0x00007ff90838c786:   6c 24 38 48 8b 74 24 40 48 83 c4 20 5f c3 cc cc
0x00007ff90838c796:   cc cc cc cc cc cc cc cc cc cc 8b 05 02 b8 c1 00
0x00007ff90838c7a6:   c3 cc cc cc cc cc cc cc cc cc 0f b6 05 59 cb c1
0x00007ff90838c7b6:   00 48 8b d1 84 c0 74 16 44 8b 41 08 8b 0d e0 b7
0x00007ff90838c7c6:   c1 00 49 d3 e0 4c 03 05 ce b7 c1 00 eb 04 4c 8b
0x00007ff90838c7d6:   41 08 45 8b 48 08 45 85 c9 7e 0e 41 f6 c1 01 75
0x00007ff90838c7e6:   53 41 c1 f9 03 49 63 c1 c3 79 49 84 c0 41 b8 0c
0x00007ff90838c7f6:   00 00 00 8b 05 09 c9 c1 00 b9 10 00 00 00 41 0f
0x00007ff90838c806:   45 c8 ff c8 4c 63 c0 41 8b c1 48 c1 f8 10 0f b6
0x00007ff90838c816:   c0 48 63 14 11 41 8b c9 83 e1 3f 48 d3 e2 49 8d
0x00007ff90838c826:   0c 10 49 f7 d0 48 03 c1 49 c1 e8 03 48 c1 e8 03
0x00007ff90838c836:   49 23 c0 c3 49 8b 00 49 8b c8 48 ff a0 00 01 00
0x00007ff90838c846:   00 cc cc cc cc cc cc cc cc cc 8b 44 24 30 45 03
0x00007ff90838c856:   c9 44 2b 4c 24 28 83 c0 0b 44 03 ca 45 03 c8 41
0x00007ff90838c866:   03 c1 c3 cc cc cc cc cc cc cc 4c 8b c2 48 8b d1
0x00007ff90838c876:   45 8b 48 08 45 85 c9 7e 0e 41 f6 c1 01 75 56 41
0x00007ff90838c886:   c1 f9 03 49 63 c1 c3 79 4c 80 3d 7a ca c1 00 00
0x00007ff90838c896:   b8 0c 00 00 00 b9 10 00 00 00 0f 45 c8 8b 05 5f
0x00007ff90838c8a6:   c8 c1 00 ff c8 4c 63 c0 41 8b c1 48 c1 f8 10 48
0x00007ff90838c8b6:   63 14 11 41 8b c9 83 e1 3f 0f b6 c0 48 d3 e2 49
0x00007ff90838c8c6:   8d 0c 10 49 f7 d0 48 03 c1 49 c1 e8 03 48 c1 e8
0x00007ff90838c8d6:   03 49 23 c0 c3 49 8b 00 49 8b c8 48 ff a0 00 01
0x00007ff90838c8e6:   00 00 cc cc cc cc cc cc cc cc 48 8b 41 08 0f b7
0x00007ff90838c8f6:   48 2c 0f b7 40 2a 83 c0 48 03 c1 c3 cc cc cc cc
0x00007ff90838c906:   cc cc cc cc cc cc cc cc cc cc 48 89 5c 24 08 57
0x00007ff90838c916:   48 83 ec 20 0f b6 05 9f bb cc 00 48 8b fa 48 8b
0x00007ff90838c926:   d9 84 c0 74 4f 48 85 15 46 b3 cc 00 74 38 48 8b
0x00007ff90838c936:   ca e8 b4 18 8d 00 48 8b d0 48 85 db 74 25 48 85
0x00007ff90838c946:   c0 74 20 48 8b c7 f0 48 0f b1 13 74 16 48 85 05
0x00007ff90838c956:   1e b3 cc 00 74 0d 48 8b c8 f0 48 0f b1 13 48 3b
0x00007ff90838c966:   c1 75 ea 48 8b fa 48 8b c7 48 8b 5c 24 30 48 83 


Stack slot to memory mapping:

stack at sp + 0 slots: 0x00007ff9086dd91b jvm.dll
stack at sp + 1 slots: 0x0000000cb66fe240 points into unknown readable memory: 0x0000013628480090 | 90 00 48 28 36 01 00 00
stack at sp + 2 slots: 0x0 is null
stack at sp + 3 slots: 0x000000000000012f is an unknown value
stack at sp + 4 slots: 0x00007ff908a414df jvm.dll
stack at sp + 5 slots: 0x000000000000012f is an unknown value
stack at sp + 6 slots: 0x0000000000000013 is an unknown value
stack at sp + 7 slots: 0x0000000000000025 is an unknown value


---------------  P R O C E S S  ---------------

Threads class SMR info:
_java_thread_list=0x000001366fb31380, length=28, elements={
0x0000013627b68b30, 0x0000013627b69b40, 0x0000013627b6bde0, 0x0000013627b6ed00,
0x0000013627b70af0, 0x0000013627b7dc90, 0x0000013627b7e910, 0x000001366d0e6d00,
0x000001366d17cb30, 0x000001366d1880f0, 0x000001366d18c8a0, 0x000001366d0e5fe0,
0x000001366d0e6670, 0x000001366d0e7390, 0x000001366d0e3f10, 0x000001366d0e5950,
0x000001366d0e4c30, 0x000001366d0e52c0, 0x000001366e058840, 0x000001366e053980,
0x000001367035e690, 0x000001366e0525d0, 0x000001366e0581b0, 0x000001366e0518b0,
0x000001366e054010, 0x000001366e0546a0, 0x000001366e054d30, 0x000001366e056770
}

Java Threads: ( => current thread )
  0x0000013627b68b30 JavaThread "Reference Handler"          daemon [_thread_blocked, id=42092, stack(0x0000000cb5500000,0x0000000cb5600000) (1024K)]
  0x0000013627b69b40 JavaThread "Finalizer"                  daemon [_thread_blocked, id=40252, stack(0x0000000cb5600000,0x0000000cb5700000) (1024K)]
  0x0000013627b6bde0 JavaThread "Signal Dispatcher"          daemon [_thread_blocked, id=21076, stack(0x0000000cb5700000,0x0000000cb5800000) (1024K)]
  0x0000013627b6ed00 JavaThread "Attach Listener"            daemon [_thread_blocked, id=25080, stack(0x0000000cb5800000,0x0000000cb5900000) (1024K)]
  0x0000013627b70af0 JavaThread "Service Thread"             daemon [_thread_blocked, id=37040, stack(0x0000000cb5900000,0x0000000cb5a00000) (1024K)]
  0x0000013627b7dc90 JavaThread "Monitor Deflation Thread"   daemon [_thread_blocked, id=40516, stack(0x0000000cb5a00000,0x0000000cb5b00000) (1024K)]
  0x0000013627b7e910 JavaThread "C1 CompilerThread0"         daemon [_thread_blocked, id=37444, stack(0x0000000cb5b00000,0x0000000cb5c00000) (1024K)]
  0x000001366d0e6d00 JavaThread "Common-Cleaner"             daemon [_thread_blocked, id=28212, stack(0x0000000cb5c00000,0x0000000cb5d00000) (1024K)]
  0x000001366d17cb30 JavaThread "JDWP Transport Listener: dt_socket" daemon [_thread_blocked, id=15768, stack(0x0000000cb5f00000,0x0000000cb6000000) (1024K)]
  0x000001366d1880f0 JavaThread "JDWP Event Helper Thread"   daemon [_thread_blocked, id=12396, stack(0x0000000cb6000000,0x0000000cb6100000) (1024K)]
  0x000001366d18c8a0 JavaThread "JDWP Command Reader"        daemon [_thread_in_native, id=30300, stack(0x0000000cb6100000,0x0000000cb6200000) (1024K)]
  0x000001366d0e5fe0 JavaThread "Notification Thread"        daemon [_thread_blocked, id=20080, stack(0x0000000cb6200000,0x0000000cb6300000) (1024K)]
  0x000001366d0e6670 JavaThread "RMI TCP Accept-0"           daemon [_thread_in_native, id=25756, stack(0x0000000cb6e00000,0x0000000cb6f00000) (1024K)]
  0x000001366d0e7390 JavaThread "RMI TCP Accept-55099"       daemon [_thread_in_native, id=35732, stack(0x0000000cb6f00000,0x0000000cb7000000) (1024K)]
  0x000001366d0e3f10 JavaThread "RMI TCP Accept-0"           daemon [_thread_in_native, id=41520, stack(0x0000000cb7000000,0x0000000cb7100000) (1024K)]
  0x000001366d0e5950 JavaThread "RMI Scheduler(0)"           daemon [_thread_blocked, id=30160, stack(0x0000000cb7200000,0x0000000cb7300000) (1024K)]
  0x000001366d0e4c30 JavaThread "RMI TCP Connection(idle)"   daemon [_thread_blocked, id=26264, stack(0x0000000cb7300000,0x0000000cb7400000) (1024K)]
  0x000001366d0e52c0 JavaThread "JMX server connection timeout 49" daemon [_thread_blocked, id=37516, stack(0x0000000cb7400000,0x0000000cb7500000) (1024K)]
  0x000001366e058840 JavaThread "PostgreSQL-JDBC-Cleaner"    daemon [_thread_blocked, id=29620, stack(0x0000000cb8500000,0x0000000cb8600000) (1024K)]
  0x000001366e053980 JavaThread "Live Reload Server"         daemon [_thread_in_native, id=31120, stack(0x0000000cb8a00000,0x0000000cb8b00000) (1024K)]
  0x000001367035e690 JavaThread "DestroyJavaVM"                     [_thread_blocked, id=30836, stack(0x0000000cb4d00000,0x0000000cb4e00000) (1024K)]
  0x000001366e0525d0 JavaThread "File Watcher"               daemon [_thread_blocked, id=15180, stack(0x0000000cb4c00000,0x0000000cb4d00000) (1024K)]
  0x000001366e0581b0 JavaThread "Thread-122"                        [_thread_blocked, id=46060, stack(0x0000000cb4a00000,0x0000000cb4b00000) (1024K)]
  0x000001366e0518b0 JavaThread "restartedMain"                     [_thread_blocked, id=18316, stack(0x0000000cb5d00000,0x0000000cb5e00000) (1024K)]
  0x000001366e054010 JavaThread "Catalina-utility-1"                [_thread_blocked, id=45112, stack(0x0000000cb7700000,0x0000000cb7800000) (1024K)]
  0x000001366e0546a0 JavaThread "Catalina-utility-2"                [_thread_blocked, id=39392, stack(0x0000000cb7800000,0x0000000cb7900000) (1024K)]
  0x000001366e054d30 JavaThread "container-1"                       [_thread_blocked, id=29980, stack(0x0000000cb7900000,0x0000000cb7a00000) (1024K)]
  0x000001366e056770 JavaThread "HikariPool-32 housekeeper"  daemon [_thread_blocked, id=11984, stack(0x0000000cb7c00000,0x0000000cb7d00000) (1024K)]
Total: 28

Other Threads:
  0x0000013627b48cd0 VMThread "VM Thread"                           [id=18324, stack(0x0000000cb5400000,0x0000000cb5500000) (1024K)]
  0x0000013627b33140 WatcherThread "VM Periodic Task Thread"        [id=28612, stack(0x0000000cb5300000,0x0000000cb5400000) (1024K)]
  0x0000013613f22800 WorkerThread "GC Thread#0"                     [id=35488, stack(0x0000000cb4e00000,0x0000000cb4f00000) (1024K)]
  0x000001366d82c5a0 WorkerThread "GC Thread#1"                     [id=39324, stack(0x0000000cb6400000,0x0000000cb6500000) (1024K)]
  0x000001366d84b1f0 WorkerThread "GC Thread#2"                     [id=2120, stack(0x0000000cb6500000,0x0000000cb6600000) (1024K)]
=>0x000001366d84b590 WorkerThread "GC Thread#3"                     [id=41388, stack(0x0000000cb6600000,0x0000000cb6700000) (1024K)]
  0x000001366d84b930 WorkerThread "GC Thread#4"                     [id=12616, stack(0x0000000cb6700000,0x0000000cb6800000) (1024K)]
  0x000001366d84bcd0 WorkerThread "GC Thread#5"                     [id=42980, stack(0x0000000cb6800000,0x0000000cb6900000) (1024K)]
  0x000001366d87da30 WorkerThread "GC Thread#6"                     [id=22672, stack(0x0000000cb6900000,0x0000000cb6a00000) (1024K)]
  0x000001366d87f1f0 WorkerThread "GC Thread#7"                     [id=44168, stack(0x0000000cb6a00000,0x0000000cb6b00000) (1024K)]
  0x000001366d887db0 WorkerThread "GC Thread#8"                     [id=11428, stack(0x0000000cb6b00000,0x0000000cb6c00000) (1024K)]
  0x000001366d889b60 WorkerThread "GC Thread#9"                     [id=35748, stack(0x0000000cb6c00000,0x0000000cb6d00000) (1024K)]
  0x000001366d889f00 WorkerThread "GC Thread#10"                    [id=9776, stack(0x0000000cb6d00000,0x0000000cb6e00000) (1024K)]
  0x000001366d8885a0 WorkerThread "GC Thread#11"                    [id=38624, stack(0x0000000cb7500000,0x0000000cb7600000) (1024K)]
  0x000001366d888940 WorkerThread "GC Thread#12"                    [id=33396, stack(0x0000000cb7600000,0x0000000cb7700000) (1024K)]
  0x0000013613f34d90 ConcurrentGCThread "G1 Main Marker"            [id=13560, stack(0x0000000cb4f00000,0x0000000cb5000000) (1024K)]
  0x0000013613f35890 WorkerThread "G1 Conc#0"                       [id=43232, stack(0x0000000cb5000000,0x0000000cb5100000) (1024K)]
  0x000001366d888ce0 WorkerThread "G1 Conc#1"                       [id=39620, stack(0x0000000cb7a00000,0x0000000cb7b00000) (1024K)]
  0x000001366d889420 WorkerThread "G1 Conc#2"                       [id=17896, stack(0x0000000cb7b00000,0x0000000cb7c00000) (1024K)]
  0x0000013627a00210 ConcurrentGCThread "G1 Refine#0"               [id=37224, stack(0x0000000cb5100000,0x0000000cb5200000) (1024K)]
  0x0000013627a00c90 ConcurrentGCThread "G1 Service"                [id=23728, stack(0x0000000cb5200000,0x0000000cb5300000) (1024K)]
Total: 21

Threads with active compile tasks:
Total: 0

VM state: at safepoint (normal execution)

VM Mutex/Monitor currently owned by a thread:  ([mutex/lock_event])
[0x00007ff90902c998] Threads_lock - owner thread: 0x0000013627b48cd0
[0x00007ff90902ca98] Heap_lock - owner thread: 0x000001366d17cb30

Heap address: 0x0000000703a00000, size: 4038 MB, Compressed Oops mode: Zero based, Oop shift amount: 3

CDS archive(s) mapped at: [0x0000013628000000-0x0000013628c90000-0x0000013628c90000), size 13172736, SharedBaseAddress: 0x0000013628000000, ArchiveRelocationMode: 1.
Compressed class space mapped at: 0x0000013629000000-0x0000013669000000, reserved size: 1073741824
Narrow klass base: 0x0000013628000000, Narrow klass shift: 0, Narrow klass range: 0x100000000

GC Precious Log:
 CardTable entry size: 512
 Card Set container configuration: InlinePtr #cards 4 size 8 Array Of Cards #cards 16 size 48 Howl #buckets 8 coarsen threshold 3686 Howl Bitmap #cards 512 size 80 coarsen threshold 460 Card regions per heap region 1 cards per card region 4096
 CPUs: 16 total, 16 available
 Memory: 16145M
 Large Page Support: Disabled
 NUMA Support: Disabled
 Compressed Oops: Enabled (Zero based)
 Heap Region Size: 2M
 Heap Min Capacity: 8M
 Heap Initial Capacity: 254M
 Heap Max Capacity: 4038M
 Pre-touch: Disabled
 Parallel Workers: 13
 Concurrent Workers: 3
 Concurrent Refinement Workers: 13
 Periodic GC: Disabled

Heap:
 garbage-first heap   total 81920K, used 65990K [0x0000000703a00000, 0x0000000800000000)
  region size 2048K, 23 young (47104K), 2 survivors (4096K)
 Metaspace       used 60650K, committed 61440K, reserved 1114112K
  class space    used 8253K, committed 8640K, reserved 1048576K

Heap Regions: E=young(eden), S=young(survivor), O=old, HS=humongous(starts), HC=humongous(continues), CS=collection set, F=free, TAMS=top-at-mark-start, PB=parsable bottom
|   0|0x0000000703a00000, 0x0000000703c00000, 0x0000000703c00000|100%| O|  |TAMS 0x0000000703a00000| PB 0x0000000703a00000| Untracked 
|   1|0x0000000703c00000, 0x0000000703dffff8, 0x0000000703e00000| 99%| O|  |TAMS 0x0000000703c00000| PB 0x0000000703c00000| Untracked 
|   2|0x0000000703e00000, 0x0000000704000000, 0x0000000704000000|100%| O|  |TAMS 0x0000000703e00000| PB 0x0000000703e00000| Untracked 
|   3|0x0000000704000000, 0x00000007041fffe0, 0x0000000704200000| 99%| O|  |TAMS 0x0000000704000000| PB 0x0000000704000000| Untracked 
|   4|0x0000000704200000, 0x00000007043ffff0, 0x0000000704400000| 99%| O|  |TAMS 0x0000000704200000| PB 0x0000000704200000| Untracked 
|   5|0x0000000704400000, 0x00000007045fffe8, 0x0000000704600000| 99%| O|  |TAMS 0x0000000704400000| PB 0x0000000704400000| Untracked 
|   6|0x0000000704600000, 0x00000007047ffff0, 0x0000000704800000| 99%| O|  |TAMS 0x0000000704600000| PB 0x0000000704600000| Untracked 
|   7|0x0000000704800000, 0x0000000704a00000, 0x0000000704a00000|100%| O|  |TAMS 0x0000000704800000| PB 0x0000000704800000| Untracked 
|   8|0x0000000704a00000, 0x0000000704bc7510, 0x0000000704c00000| 88%| O|  |TAMS 0x0000000704a00000| PB 0x0000000704a00000| Untracked 
|   9|0x0000000704c00000, 0x0000000704de9e80, 0x0000000704e00000| 95%| O|  |TAMS 0x0000000704c00000| PB 0x0000000704c00000| Untracked 
|  10|0x0000000704e00000, 0x0000000704ffffc0, 0x0000000705000000| 99%| O|  |TAMS 0x0000000704e00000| PB 0x0000000704e00000| Untracked 
|  11|0x0000000705000000, 0x00000007050ac408, 0x0000000705200000| 33%| O|  |TAMS 0x0000000705000000| PB 0x0000000705000000| Untracked 
|  12|0x0000000705200000, 0x00000007052142b0, 0x0000000705400000|  3%| O|  |TAMS 0x0000000705200000| PB 0x0000000705200000| Untracked 
|  13|0x0000000705400000, 0x0000000705400000, 0x0000000705600000|  0%| F|  |TAMS 0x0000000705400000| PB 0x0000000705400000| Untracked 
|  14|0x0000000705600000, 0x0000000705600000, 0x0000000705800000|  0%| F|  |TAMS 0x0000000705600000| PB 0x0000000705600000| Untracked 
|  15|0x0000000705800000, 0x0000000705800000, 0x0000000705a00000|  0%| F|  |TAMS 0x0000000705800000| PB 0x0000000705800000| Untracked 
|  16|0x0000000705a00000, 0x0000000705a00000, 0x0000000705c00000|  0%| F|  |TAMS 0x0000000705a00000| PB 0x0000000705a00000| Untracked 
|  17|0x0000000705c00000, 0x0000000705dc2870, 0x0000000705e00000| 87%| S|  |TAMS 0x0000000705c00000| PB 0x0000000705c00000| Complete 
|  18|0x0000000705e00000, 0x0000000706000000, 0x0000000706000000|100%| S|  |TAMS 0x0000000705e00000| PB 0x0000000705e00000| Complete 
|  19|0x0000000706000000, 0x0000000706200000, 0x0000000706200000|100%| E|CS|TAMS 0x0000000706000000| PB 0x0000000706000000| Complete 
|  20|0x0000000706200000, 0x0000000706400000, 0x0000000706400000|100%| E|CS|TAMS 0x0000000706200000| PB 0x0000000706200000| Complete 
|  21|0x0000000706400000, 0x0000000706600000, 0x0000000706600000|100%| E|CS|TAMS 0x0000000706400000| PB 0x0000000706400000| Complete 
|  22|0x0000000706600000, 0x0000000706800000, 0x0000000706800000|100%| E|CS|TAMS 0x0000000706600000| PB 0x0000000706600000| Complete 
|  23|0x0000000706800000, 0x0000000706a00000, 0x0000000706a00000|100%| E|CS|TAMS 0x0000000706800000| PB 0x0000000706800000| Complete 
|  24|0x0000000706a00000, 0x0000000706c00000, 0x0000000706c00000|100%| E|CS|TAMS 0x0000000706a00000| PB 0x0000000706a00000| Complete 
|  25|0x0000000706c00000, 0x0000000706e00000, 0x0000000706e00000|100%| E|CS|TAMS 0x0000000706c00000| PB 0x0000000706c00000| Complete 
|  26|0x0000000706e00000, 0x0000000707000000, 0x0000000707000000|100%| E|CS|TAMS 0x0000000706e00000| PB 0x0000000706e00000| Complete 
|  27|0x0000000707000000, 0x0000000707200000, 0x0000000707200000|100%| E|CS|TAMS 0x0000000707000000| PB 0x0000000707000000| Complete 
|  28|0x0000000707200000, 0x0000000707400000, 0x0000000707400000|100%| E|CS|TAMS 0x0000000707200000| PB 0x0000000707200000| Complete 
|  29|0x0000000707400000, 0x0000000707600000, 0x0000000707600000|100%| E|CS|TAMS 0x0000000707400000| PB 0x0000000707400000| Complete 
|  30|0x0000000707600000, 0x0000000707800000, 0x0000000707800000|100%| E|CS|TAMS 0x0000000707600000| PB 0x0000000707600000| Complete 
|  31|0x0000000707800000, 0x0000000707a00000, 0x0000000707a00000|100%| E|CS|TAMS 0x0000000707800000| PB 0x0000000707800000| Complete 
|  32|0x0000000707a00000, 0x0000000707c00000, 0x0000000707c00000|100%| E|CS|TAMS 0x0000000707a00000| PB 0x0000000707a00000| Complete 
|  33|0x0000000707c00000, 0x0000000707e00000, 0x0000000707e00000|100%| E|CS|TAMS 0x0000000707c00000| PB 0x0000000707c00000| Complete 
|  34|0x0000000707e00000, 0x0000000708000000, 0x0000000708000000|100%| E|CS|TAMS 0x0000000707e00000| PB 0x0000000707e00000| Complete 
|  35|0x0000000708000000, 0x0000000708200000, 0x0000000708200000|100%| E|CS|TAMS 0x0000000708000000| PB 0x0000000708000000| Complete 
|  36|0x0000000708200000, 0x0000000708400000, 0x0000000708400000|100%| E|CS|TAMS 0x0000000708200000| PB 0x0000000708200000| Complete 
|  37|0x0000000708400000, 0x0000000708600000, 0x0000000708600000|100%| E|CS|TAMS 0x0000000708400000| PB 0x0000000708400000| Complete 
|  58|0x000000070ae00000, 0x000000070b000000, 0x000000070b000000|100%| E|CS|TAMS 0x000000070ae00000| PB 0x000000070ae00000| Complete 
|  59|0x000000070b000000, 0x000000070b200000, 0x000000070b200000|100%| E|CS|TAMS 0x000000070b000000| PB 0x000000070b000000| Complete 

Card table byte_map: [0x00000136203d0000,0x0000013620bc0000] _byte_map_base: 0x000001361cbb3000

Marking Bits: (CMBitMap*) 0x0000013613f22f00
 Bits: [0x0000013620bc0000, 0x0000013624ad8000)

Polling page: 0x0000013611de0000

Metaspace:

Usage:
  Non-class:     51.17 MB used.
      Class:      8.06 MB used.
       Both:     59.23 MB used.

Virtual space:
  Non-class space:       64.00 MB reserved,      51.56 MB ( 81%) committed,  1 nodes.
      Class space:        1.00 GB reserved,       8.44 MB ( <1%) committed,  1 nodes.
             Both:        1.06 GB reserved,      60.00 MB (  6%) committed. 

Chunk freelists:
   Non-Class:  12.27 MB
       Class:  7.62 MB
        Both:  19.89 MB

MaxMetaspaceSize: unlimited
CompressedClassSpaceSize: 1.00 GB
Initial GC threshold: 21.00 MB
Current GC threshold: 101.06 MB
CDS: on
 - commit_granule_bytes: 65536.
 - commit_granule_words: 8192.
 - virtual_space_node_default_size: 8388608.
 - enlarge_chunks_in_place: 1.
 - use_allocation_guard: 0.


Internal statistics:

num_allocs_failed_limit: 3.
num_arena_births: 1692.
num_arena_deaths: 976.
num_vsnodes_births: 2.
num_vsnodes_deaths: 0.
num_space_committed: 988.
num_space_uncommitted: 14.
num_chunks_returned_to_freelist: 1611.
num_chunks_taken_from_freelist: 4694.
num_chunk_merges: 275.
num_chunk_splits: 2539.
num_chunks_enlarged: 1789.
num_inconsistent_stats: 0.

CodeCache: size=49152Kb used=17244Kb max_used=23159Kb free=31907Kb
 bounds [0x000001361c570000, 0x000001361dcc0000, 0x000001361f570000]
 total_blobs=8279 nmethods=7633 adapters=568
 compilation: enabled
              stopped_count=0, restarted_count=0
 full_count=0

Compilation events (20 events):
Event: 14400.587 Thread 0x000001366ded2f60 nmethod 15489 0x000001361d0fea10 code [0x000001361d0febc0, 0x000001361d0fed10]
Event: 14400.587 Thread 0x000001366ded2f60 15490       1       jdk.internal.reflect.AccessorGenerator::sub (5 bytes)
Event: 14400.587 Thread 0x000001366ded2f60 nmethod 15490 0x000001361d30e810 code [0x000001361d30e9a0, 0x000001361d30ea58]
Event: 14400.587 Thread 0x000001366ded2f60 15492       1       jdk.internal.reflect.ClassFileAssembler::setStack (25 bytes)
Event: 14400.587 Thread 0x000001366ded2f60 nmethod 15492 0x000001361d310a10 code [0x000001361d310ba0, 0x000001361d310c80]
Event: 14400.587 Thread 0x000001366ded2f60 15491       1       jdk.internal.reflect.ClassFileAssembler::emitConstantPoolMethodref (28 bytes)
Event: 14400.587 Thread 0x0000013627b7e910 nmethod 15482 0x000001361d1a3610 code [0x000001361d1a37c0, 0x000001361d1a3900]
Event: 14400.587 Thread 0x0000013627b7e910 15484       1       jdk.internal.reflect.ClassFileAssembler::emitShort (24 bytes)
Event: 14400.587 Thread 0x0000013627b7e910 nmethod 15484 0x000001361ccf8290 code [0x000001361ccf8440, 0x000001361ccf8618]
Event: 14400.587 Thread 0x0000013627b7e910 15498       1       jdk.internal.reflect.ClassFileAssembler::emitConstantPoolNameAndType (28 bytes)
Event: 14400.587 Thread 0x000001366ded2f60 nmethod 15491 0x000001361cf69590 code [0x000001361cf69780, 0x000001361cf69b18]
Event: 14400.587 Thread 0x000001366ded2f60 15488       1       jdk.internal.reflect.ClassFileAssembler::getStack (5 bytes)
Event: 14400.587 Thread 0x000001366ded2f60 nmethod 15488 0x000001361d312590 code [0x000001361d312720, 0x000001361d3127e8]
Event: 14400.587 Thread 0x000001366ded2f60 15497       1       java.io.ObjectStreamField::getTypeCode (9 bytes)
Event: 14400.587 Thread 0x0000013627b7e910 nmethod 15498 0x000001361d7ccd10 code [0x000001361d7ccf00, 0x000001361d7cd298]
Event: 14400.587 Thread 0x0000013627b7e910 15495       1       sun.rmi.server.LoaderHandler::loadClassForName (15 bytes)
Event: 14400.588 Thread 0x0000013627b7e910 nmethod 15495 0x000001361d1c5c10 code [0x000001361d1c5dc0, 0x000001361d1c5f00]
Event: 14400.588 Thread 0x0000013627b7e910 15496       1       java.util.Arrays::sort (24 bytes)
Event: 14400.588 Thread 0x000001366ded2f60 nmethod 15497 0x000001361d86c890 code [0x000001361d86ca40, 0x000001361d86cc50]
Event: 14400.588 Thread 0x0000013627b7e910 nmethod 15496 0x000001361cfe1810 code [0x000001361cfe19c0, 0x000001361cfe1ab0]

GC Heap History (20 events):
Event: 14077.460 GC heap after
{Heap after GC invocations=84 (full 25):
 garbage-first heap   total 81920K, used 28539K [0x0000000703a00000, 0x0000000800000000)
  region size 2048K, 2 young (4096K), 2 survivors (4096K)
 Metaspace       used 59966K, committed 60800K, reserved 1114112K
  class space    used 8184K, committed 8576K, reserved 1048576K
}
Event: 14151.612 GC heap before
{Heap before GC invocations=84 (full 25):
 garbage-first heap   total 81920K, used 55163K [0x0000000703a00000, 0x0000000800000000)
  region size 2048K, 16 young (32768K), 2 survivors (4096K)
 Metaspace       used 60060K, committed 60800K, reserved 1114112K
  class space    used 8191K, committed 8576K, reserved 1048576K
}
Event: 14151.655 GC heap after
{Heap after GC invocations=85 (full 26):
 garbage-first heap   total 81920K, used 24321K [0x0000000703a00000, 0x0000000800000000)
  region size 2048K, 0 young (0K), 0 survivors (0K)
 Metaspace       used 60054K, committed 60800K, reserved 1114112K
  class space    used 8189K, committed 8576K, reserved 1048576K
}
Event: 14151.996 GC heap before
{Heap before GC invocations=85 (full 26):
 garbage-first heap   total 81920K, used 65281K [0x0000000703a00000, 0x0000000800000000)
  region size 2048K, 20 young (40960K), 0 survivors (0K)
 Metaspace       used 60120K, committed 60864K, reserved 1114112K
  class space    used 8200K, committed 8576K, reserved 1048576K
}
Event: 14151.998 GC heap after
{Heap after GC invocations=86 (full 26):
 garbage-first heap   total 81920K, used 28070K [0x0000000703a00000, 0x0000000800000000)
  region size 2048K, 2 young (4096K), 2 survivors (4096K)
 Metaspace       used 60120K, committed 60864K, reserved 1114112K
  class space    used 8200K, committed 8576K, reserved 1048576K
}
Event: 14266.121 GC heap before
{Heap before GC invocations=86 (full 26):
 garbage-first heap   total 81920K, used 50598K [0x0000000703a00000, 0x0000000800000000)
  region size 2048K, 14 young (28672K), 2 survivors (4096K)
 Metaspace       used 60194K, committed 60992K, reserved 1114112K
  class space    used 8203K, committed 8576K, reserved 1048576K
}
Event: 14266.155 GC heap after
{Heap after GC invocations=87 (full 27):
 garbage-first heap   total 81920K, used 22675K [0x0000000703a00000, 0x0000000800000000)
  region size 2048K, 0 young (0K), 0 survivors (0K)
 Metaspace       used 60178K, committed 60992K, reserved 1114112K
  class space    used 8200K, committed 8576K, reserved 1048576K
}
Event: 14266.507 GC heap before
{Heap before GC invocations=87 (full 27):
 garbage-first heap   total 81920K, used 65683K [0x0000000703a00000, 0x0000000800000000)
  region size 2048K, 21 young (43008K), 0 survivors (0K)
 Metaspace       used 60243K, committed 60992K, reserved 1114112K
  class space    used 8210K, committed 8576K, reserved 1048576K
}
Event: 14266.509 GC heap after
{Heap after GC invocations=88 (full 27):
 garbage-first heap   total 81920K, used 26711K [0x0000000703a00000, 0x0000000800000000)
  region size 2048K, 2 young (4096K), 2 survivors (4096K)
 Metaspace       used 60243K, committed 60992K, reserved 1114112K
  class space    used 8210K, committed 8576K, reserved 1048576K
}
Event: 14271.095 GC heap before
{Heap before GC invocations=88 (full 27):
 garbage-first heap   total 81920K, used 43095K [0x0000000703a00000, 0x0000000800000000)
  region size 2048K, 11 young (22528K), 2 survivors (4096K)
 Metaspace       used 60316K, committed 61056K, reserved 1114112K
  class space    used 8214K, committed 8576K, reserved 1048576K
}
Event: 14271.129 GC heap after
{Heap after GC invocations=89 (full 28):
 garbage-first heap   total 81920K, used 22720K [0x0000000703a00000, 0x0000000800000000)
  region size 2048K, 0 young (0K), 0 survivors (0K)
 Metaspace       used 60313K, committed 61056K, reserved 1114112K
  class space    used 8213K, committed 8576K, reserved 1048576K
}
Event: 14271.499 GC heap before
{Heap before GC invocations=89 (full 28):
 garbage-first heap   total 81920K, used 65728K [0x0000000703a00000, 0x0000000800000000)
  region size 2048K, 21 young (43008K), 0 survivors (0K)
 Metaspace       used 60376K, committed 61120K, reserved 1114112K
  class space    used 8223K, committed 8576K, reserved 1048576K
}
Event: 14271.500 GC heap after
{Heap after GC invocations=90 (full 28):
 garbage-first heap   total 81920K, used 26670K [0x0000000703a00000, 0x0000000800000000)
  region size 2048K, 2 young (4096K), 2 survivors (4096K)
 Metaspace       used 60376K, committed 61120K, reserved 1114112K
  class space    used 8223K, committed 8576K, reserved 1048576K
}
Event: 14273.030 GC heap before
{Heap before GC invocations=90 (full 28):
 garbage-first heap   total 81920K, used 43054K [0x0000000703a00000, 0x0000000800000000)
  region size 2048K, 11 young (22528K), 2 survivors (4096K)
 Metaspace       used 60450K, committed 61248K, reserved 1114112K
  class space    used 8227K, committed 8640K, reserved 1048576K
}
Event: 14273.065 GC heap after
{Heap after GC invocations=91 (full 29):
 garbage-first heap   total 81920K, used 22859K [0x0000000703a00000, 0x0000000800000000)
  region size 2048K, 0 young (0K), 0 survivors (0K)
 Metaspace       used 60447K, committed 61248K, reserved 1114112K
  class space    used 8226K, committed 8640K, reserved 1048576K
}
Event: 14273.410 GC heap before
{Heap before GC invocations=91 (full 29):
 garbage-first heap   total 81920K, used 65867K [0x0000000703a00000, 0x0000000800000000)
  region size 2048K, 21 young (43008K), 0 survivors (0K)
 Metaspace       used 60512K, committed 61312K, reserved 1114112K
  class space    used 8238K, committed 8640K, reserved 1048576K
}
Event: 14273.412 GC heap after
{Heap after GC invocations=92 (full 29):
 garbage-first heap   total 81920K, used 26769K [0x0000000703a00000, 0x0000000800000000)
  region size 2048K, 2 young (4096K), 2 survivors (4096K)
 Metaspace       used 60512K, committed 61312K, reserved 1114112K
  class space    used 8238K, committed 8640K, reserved 1048576K
}
Event: 14370.240 GC heap before
{Heap before GC invocations=92 (full 29):
 garbage-first heap   total 81920K, used 47249K [0x0000000703a00000, 0x0000000800000000)
  region size 2048K, 13 young (26624K), 2 survivors (4096K)
 Metaspace       used 60585K, committed 61376K, reserved 1114112K
  class space    used 8241K, committed 8640K, reserved 1048576K
}
Event: 14370.265 GC heap after
{Heap after GC invocations=93 (full 30):
 garbage-first heap   total 81920K, used 22982K [0x0000000703a00000, 0x0000000800000000)
  region size 2048K, 0 young (0K), 0 survivors (0K)
 Metaspace       used 60583K, committed 61376K, reserved 1114112K
  class space    used 8241K, committed 8640K, reserved 1048576K
}
Event: 14456.487 GC heap before
{Heap before GC invocations=93 (full 30):
 garbage-first heap   total 81920K, used 65990K [0x0000000703a00000, 0x0000000800000000)
  region size 2048K, 21 young (43008K), 0 survivors (0K)
 Metaspace       used 60650K, committed 61440K, reserved 1114112K
  class space    used 8253K, committed 8640K, reserved 1048576K
}

Dll operation events (12 events):
Event: 0.005 Loaded shared library C:\Users\seali\Downloads\pleiades-2023-09-java-win-64bit-jre_20231005\java\21\bin\java.dll
Event: 0.200 Loaded shared library C:\Users\seali\Downloads\pleiades-2023-09-java-win-64bit-jre_20231005\java\21\bin\zip.dll
Event: 0.203 Loaded shared library C:\Users\seali\Downloads\pleiades-2023-09-java-win-64bit-jre_20231005\java\21\bin\instrument.dll
Event: 0.206 Loaded shared library C:\Users\seali\Downloads\pleiades-2023-09-java-win-64bit-jre_20231005\java\21\bin\net.dll
Event: 0.206 Loaded shared library C:\Users\seali\Downloads\pleiades-2023-09-java-win-64bit-jre_20231005\java\21\bin\nio.dll
Event: 0.209 Loaded shared library C:\Users\seali\Downloads\pleiades-2023-09-java-win-64bit-jre_20231005\java\21\bin\zip.dll
Event: 0.285 Loaded shared library C:\Users\seali\Downloads\pleiades-2023-09-java-win-64bit-jre_20231005\java\21\bin\jimage.dll
Event: 0.310 Loaded shared library C:\Users\seali\Downloads\pleiades-2023-09-java-win-64bit-jre_20231005\java\21\bin\management.dll
Event: 0.315 Loaded shared library C:\Users\seali\Downloads\pleiades-2023-09-java-win-64bit-jre_20231005\java\21\bin\management_ext.dll
Event: 0.415 Loaded shared library C:\Users\seali\Downloads\pleiades-2023-09-java-win-64bit-jre_20231005\java\21\bin\verify.dll
Event: 0.466 Loaded shared library C:\Users\seali\Downloads\pleiades-2023-09-java-win-64bit-jre_20231005\java\21\bin\extnet.dll
Event: 1.857 Loaded shared library C:\Users\seali\Downloads\pleiades-2023-09-java-win-64bit-jre_20231005\java\21\bin\sunmscapi.dll

Deoptimization events (20 events):
Event: 14400.586 Thread 0x000001366d0e4c30 DEOPT PACKING pc=0x000001361cebcff4 sp=0x0000000cb73fd3a0
Event: 14400.586 Thread 0x000001366d0e4c30 DEOPT UNPACKING pc=0x000001361c5c88e2 sp=0x0000000cb73fc908 mode 1
Event: 14400.586 Thread 0x000001366d0e4c30 DEOPT PACKING pc=0x000001361d0b35bc sp=0x0000000cb73fcd70
Event: 14400.586 Thread 0x000001366d0e4c30 DEOPT UNPACKING pc=0x000001361c5c88e2 sp=0x0000000cb73fc2d8 mode 1
Event: 14400.587 Thread 0x000001366d0e4c30 DEOPT PACKING pc=0x000001361cebcff4 sp=0x0000000cb73fcde0
Event: 14400.587 Thread 0x000001366d0e4c30 DEOPT UNPACKING pc=0x000001361c5c88e2 sp=0x0000000cb73fc348 mode 1
Event: 14400.587 Thread 0x000001366d0e4c30 DEOPT PACKING pc=0x000001361cebcff4 sp=0x0000000cb73fcde0
Event: 14400.587 Thread 0x000001366d0e4c30 DEOPT UNPACKING pc=0x000001361c5c88e2 sp=0x0000000cb73fc348 mode 1
Event: 14400.587 Thread 0x000001366d0e4c30 DEOPT PACKING pc=0x000001361cebcff4 sp=0x0000000cb73fcde0
Event: 14400.587 Thread 0x000001366d0e4c30 DEOPT UNPACKING pc=0x000001361c5c88e2 sp=0x0000000cb73fc348 mode 1
Event: 14400.587 Thread 0x000001366d0e4c30 DEOPT PACKING pc=0x000001361cebcff4 sp=0x0000000cb73fcde0
Event: 14400.587 Thread 0x000001366d0e4c30 DEOPT UNPACKING pc=0x000001361c5c88e2 sp=0x0000000cb73fc348 mode 1
Event: 14400.587 Thread 0x000001366d0e4c30 DEOPT PACKING pc=0x000001361cebcff4 sp=0x0000000cb73fcde0
Event: 14400.587 Thread 0x000001366d0e4c30 DEOPT UNPACKING pc=0x000001361c5c88e2 sp=0x0000000cb73fc348 mode 1
Event: 14400.587 Thread 0x000001366d0e4c30 DEOPT PACKING pc=0x000001361cebcff4 sp=0x0000000cb73fcde0
Event: 14400.587 Thread 0x000001366d0e4c30 DEOPT UNPACKING pc=0x000001361c5c88e2 sp=0x0000000cb73fc348 mode 1
Event: 14400.587 Thread 0x000001366d0e4c30 DEOPT PACKING pc=0x000001361cebcff4 sp=0x0000000cb73fcde0
Event: 14400.587 Thread 0x000001366d0e4c30 DEOPT UNPACKING pc=0x000001361c5c88e2 sp=0x0000000cb73fc348 mode 1
Event: 14456.478 Thread 0x000001366e0518b0 DEOPT PACKING pc=0x000001361c938a34 sp=0x0000000cb5dfdbc0
Event: 14456.478 Thread 0x000001366e0518b0 DEOPT UNPACKING pc=0x000001361c5c88e2 sp=0x0000000cb5dfd078 mode 0

Classes loaded (20 events):
Event: 10927.724 Loading class java/lang/ref/Finalizer$1
Event: 10927.724 Loading class java/lang/ref/Finalizer$1 done
Event: 10928.008 Loading class java/util/WeakHashMap$EntrySet
Event: 10928.008 Loading class java/util/WeakHashMap$EntrySet done
Event: 10928.008 Loading class java/util/WeakHashMap$EntryIterator
Event: 10928.008 Loading class java/util/WeakHashMap$EntryIterator done
Event: 10928.835 Loading class java/io/InvalidClassException
Event: 10928.835 Loading class java/io/InvalidClassException done
Event: 10928.946 Loading class java/time/DurationEditor
Event: 10928.946 Loading class java/time/DurationEditor done
Event: 11537.039 Loading class java/util/Scanner
Event: 11537.039 Loading class java/util/Scanner done
Event: 11537.040 Loading class java/util/Scanner$PatternLRUCache
Event: 11537.040 Loading class java/util/Scanner$PatternLRUCache done
Event: 11537.041 Loading class java/util/regex/Matcher$ImmutableMatchResult
Event: 11537.041 Loading class java/util/regex/Matcher$ImmutableMatchResult done
Event: 12108.358 Loading class java/lang/invoke/MethodHandleImpl$CountingWrapper$1
Event: 12108.359 Loading class java/lang/invoke/MethodHandleImpl$CountingWrapper$1 done
Event: 13660.707 Loading class java/time/DurationEditor
Event: 13660.707 Loading class java/time/DurationEditor done

Classes unloaded (20 events):
Event: 13887.857 Thread 0x0000013627b48cd0 Unloading class 0x00000136296ec400 'jdk/internal/reflect/GeneratedSerializationConstructorAccessor38'
Event: 13887.857 Thread 0x0000013627b48cd0 Unloading class 0x0000013629868400 'java/lang/invoke/LambdaForm$MH+0x0000013629868400'
Event: 13887.857 Thread 0x0000013627b48cd0 Unloading class 0x0000013629866000 'java/lang/invoke/LambdaForm$MH+0x0000013629866000'
Event: 13887.857 Thread 0x0000013627b48cd0 Unloading class 0x000001362900a800 'org/apache/catalina/loader/JdbcLeakPrevention'
Event: 13887.857 Thread 0x0000013627b48cd0 Unloading class 0x00000136296fc800 'java/lang/invoke/LambdaForm$MH+0x00000136296fc800'
Event: 13887.857 Thread 0x0000013627b48cd0 Unloading class 0x0000013629180800 'java/lang/invoke/LambdaForm$MH+0x0000013629180800'
Event: 13915.275 Thread 0x0000013627b48cd0 Unloading class 0x0000013629108800 'org/apache/catalina/loader/JdbcLeakPrevention'
Event: 14076.951 Thread 0x0000013627b48cd0 Unloading class 0x00000136290d8000 'org/apache/catalina/loader/JdbcLeakPrevention'
Event: 14151.629 Thread 0x0000013627b48cd0 Unloading class 0x0000013629391000 'org/apache/catalina/loader/JdbcLeakPrevention'
Event: 14151.629 Thread 0x0000013627b48cd0 Unloading class 0x00000136296c5c00 'java/lang/invoke/LambdaForm$MH+0x00000136296c5c00'
Event: 14151.629 Thread 0x0000013627b48cd0 Unloading class 0x000001362949d800 'java/lang/invoke/LambdaForm$MH+0x000001362949d800'
Event: 14266.129 Thread 0x0000013627b48cd0 Unloading class 0x00000136291dcc00 'jdk/internal/reflect/GeneratedSerializationConstructorAccessor43'
Event: 14266.129 Thread 0x0000013627b48cd0 Unloading class 0x000001362900a400 'jdk/internal/reflect/GeneratedSerializationConstructorAccessor42'
Event: 14266.129 Thread 0x0000013627b48cd0 Unloading class 0x00000136290d5400 'jdk/internal/reflect/GeneratedSerializationConstructorAccessor41'
Event: 14266.129 Thread 0x0000013627b48cd0 Unloading class 0x00000136293ea000 'org/apache/catalina/loader/JdbcLeakPrevention'
Event: 14266.129 Thread 0x0000013627b48cd0 Unloading class 0x0000013629866000 'java/lang/invoke/LambdaForm$MH+0x0000013629866000'
Event: 14266.129 Thread 0x0000013627b48cd0 Unloading class 0x0000013629868400 'java/lang/invoke/LambdaForm$MH+0x0000013629868400'
Event: 14271.105 Thread 0x0000013627b48cd0 Unloading class 0x00000136291c4000 'org/apache/catalina/loader/JdbcLeakPrevention'
Event: 14273.040 Thread 0x0000013627b48cd0 Unloading class 0x0000013629419800 'org/apache/catalina/loader/JdbcLeakPrevention'
Event: 14370.247 Thread 0x0000013627b48cd0 Unloading class 0x000001362978c000 'org/apache/catalina/loader/JdbcLeakPrevention'

Classes redefined (20 events):
Event: 13886.804 Thread 0x0000013627b48cd0 redefined class name=com.example.demo.controller.inputCheckController, count=2
Event: 13886.804 Thread 0x0000013627b48cd0 redefined class name=com.example.demo.controller.inputCheckController, count=3
Event: 13886.804 Thread 0x0000013627b48cd0 redefined class name=com.example.demo.controller.inputCheckController, count=3
Event: 13886.804 Thread 0x0000013627b48cd0 redefined class name=com.example.demo.controller.inputCheckController, count=3
Event: 13886.804 Thread 0x0000013627b48cd0 redefined class name=com.example.demo.controller.inputCheckController, count=1
Event: 14075.825 Thread 0x0000013627b48cd0 redefined class name=com.example.demo.controller.inputCheckController, count=1
Event: 14075.825 Thread 0x0000013627b48cd0 redefined class name=com.example.demo.controller.inputCheckController, count=1
Event: 14075.825 Thread 0x0000013627b48cd0 redefined class name=com.example.demo.controller.inputCheckController, count=2
Event: 14075.825 Thread 0x0000013627b48cd0 redefined class name=com.example.demo.controller.inputCheckController, count=3
Event: 14075.825 Thread 0x0000013627b48cd0 redefined class name=com.example.demo.controller.inputCheckController, count=4
Event: 14075.825 Thread 0x0000013627b48cd0 redefined class name=com.example.demo.controller.inputCheckController, count=4
Event: 14075.825 Thread 0x0000013627b48cd0 redefined class name=com.example.demo.controller.inputCheckController, count=4
Event: 14150.385 Thread 0x0000013627b48cd0 redefined class name=com.example.demo.controller.inputCheckController, count=1
Event: 14150.385 Thread 0x0000013627b48cd0 redefined class name=com.example.demo.controller.inputCheckController, count=2
Event: 14150.385 Thread 0x0000013627b48cd0 redefined class name=com.example.demo.controller.inputCheckController, count=2
Event: 14150.385 Thread 0x0000013627b48cd0 redefined class name=com.example.demo.controller.inputCheckController, count=3
Event: 14150.385 Thread 0x0000013627b48cd0 redefined class name=com.example.demo.controller.inputCheckController, count=4
Event: 14150.385 Thread 0x0000013627b48cd0 redefined class name=com.example.demo.controller.inputCheckController, count=5
Event: 14150.385 Thread 0x0000013627b48cd0 redefined class name=com.example.demo.controller.inputCheckController, count=5
Event: 14150.385 Thread 0x0000013627b48cd0 redefined class name=com.example.demo.controller.inputCheckController, count=5

Internal exceptions (20 events):
Event: 14271.357 Thread 0x000001366e0553c0 Exception <a 'java/io/FileNotFoundException'{0x0000000706d05d10}> (0x0000000706d05d10) 
thrown [s\src\hotspot\share\prims\jni.cpp, line 520]
Event: 14273.028 Thread 0x000001366e0546a0 Exception <a 'java/lang/InterruptedException'{0x0000000707861a48}: sleep interrupted> (0x0000000707861a48) 
thrown [s\src\hotspot\share\prims\jvm.cpp, line 3075]
Event: 14273.077 Thread 0x000001367035f3b0 Exception <a 'sun/nio/fs/WindowsException'{0x000000070b099868}> (0x000000070b099868) 
thrown [s\src\hotspot\share\prims\jni.cpp, line 520]
Event: 14273.241 Thread 0x000001367035f3b0 Exception <a 'java/lang/NoClassDefFoundError'{0x0000000707224610}: org/flywaydb/core/Flyway> (0x0000000707224610) 
thrown [s\src\hotspot\share\oops\constantPool.cpp, line 871]
Event: 14273.242 Thread 0x000001367035f3b0 Exception <a 'java/lang/NoClassDefFoundError'{0x0000000707224c70}: liquibase/integration/spring/SpringLiquibase> (0x0000000707224c70) 
thrown [s\src\hotspot\share\oops\constantPool.cpp, line 871]
Event: 14273.245 Thread 0x000001367035f3b0 Exception <a 'java/lang/NoClassDefFoundError'{0x000000070723b138}: org/springframework/batch/core/repository/JobRepository> (0x000000070723b138) 
thrown [s\src\hotspot\share\oops\constantPool.cpp, line 871]
Event: 14273.246 Thread 0x000001367035f3b0 Exception <a 'java/lang/NoClassDefFoundError'{0x000000070723b790}: org/quartz/Scheduler> (0x000000070723b790) 
thrown [s\src\hotspot\share\oops\constantPool.cpp, line 871]
Event: 14273.247 Thread 0x000001367035f3b0 Exception <a 'java/lang/NoClassDefFoundError'{0x000000070723be10}: org/springframework/session/jdbc/JdbcIndexedSessionRepository> (0x000000070723be10) 
thrown [s\src\hotspot\share\oops\constantPool.cpp, line 871]
Event: 14273.249 Thread 0x000001367035f3b0 Exception <a 'java/lang/NoClassDefFoundError'{0x0000000707273ca8}: org/jooq/DSLContext> (0x0000000707273ca8) 
thrown [s\src\hotspot\share\oops\constantPool.cpp, line 871]
Event: 14273.282 Thread 0x000001367035f3b0 Exception <a 'java/io/FileNotFoundException'{0x0000000706d11be0}> (0x0000000706d11be0) 
thrown [s\src\hotspot\share\prims\jni.cpp, line 520]
Event: 14370.238 Thread 0x000001367035d970 Exception <a 'java/lang/InterruptedException'{0x0000000707597100}: sleep interrupted> (0x0000000707597100) 
thrown [s\src\hotspot\share\prims\jvm.cpp, line 3075]
Event: 14370.274 Thread 0x000001366e0518b0 Exception <a 'sun/nio/fs/WindowsException'{0x000000070b08a9d0}> (0x000000070b08a9d0) 
thrown [s\src\hotspot\share\prims\jni.cpp, line 520]
Event: 14370.438 Thread 0x000001366e0518b0 Exception <a 'java/lang/NoClassDefFoundError'{0x000000070721c760}: org/flywaydb/core/Flyway> (0x000000070721c760) 
thrown [s\src\hotspot\share\oops\constantPool.cpp, line 871]
Event: 14370.439 Thread 0x000001366e0518b0 Exception <a 'java/lang/NoClassDefFoundError'{0x000000070721cdc0}: liquibase/integration/spring/SpringLiquibase> (0x000000070721cdc0) 
thrown [s\src\hotspot\share\oops\constantPool.cpp, line 871]
Event: 14370.441 Thread 0x000001366e0518b0 Exception <a 'java/lang/NoClassDefFoundError'{0x0000000707233258}: org/springframework/batch/core/repository/JobRepository> (0x0000000707233258) 
thrown [s\src\hotspot\share\oops\constantPool.cpp, line 871]
Event: 14370.442 Thread 0x000001366e0518b0 Exception <a 'java/lang/NoClassDefFoundError'{0x00000007072338b0}: org/quartz/Scheduler> (0x00000007072338b0) 
thrown [s\src\hotspot\share\oops\constantPool.cpp, line 871]
Event: 14370.442 Thread 0x000001366e0518b0 Exception <a 'java/lang/NoClassDefFoundError'{0x0000000707233f30}: org/springframework/session/jdbc/JdbcIndexedSessionRepository> (0x0000000707233f30) 
thrown [s\src\hotspot\share\oops\constantPool.cpp, line 871]
Event: 14370.445 Thread 0x000001366e0518b0 Exception <a 'java/lang/NoClassDefFoundError'{0x000000070726bde0}: org/jooq/DSLContext> (0x000000070726bde0) 
thrown [s\src\hotspot\share\oops\constantPool.cpp, line 871]
Event: 14370.483 Thread 0x000001366e0518b0 Exception <a 'java/io/FileNotFoundException'{0x0000000706d224b8}> (0x0000000706d224b8) 
thrown [s\src\hotspot\share\prims\jni.cpp, line 520]
Event: 14400.587 Thread 0x000001366d0e4c30 Exception <a 'java/lang/NoSuchMethodError'{0x0000000706080888}: static [B.<clinit>()V> (0x0000000706080888) 
thrown [s\src\hotspot\share\prims\jni.cpp, line 1106]

ZGC Phase Switch (0 events):
No events

VM Operations (20 events):
Event: 14370.873 Executing VM operation: GetObjectMonitorUsage done
Event: 14370.873 Executing VM operation: get/set locals
Event: 14370.873 Executing VM operation: get/set locals done
Event: 14370.874 Executing VM operation: get/set locals
Event: 14370.874 Executing VM operation: get/set locals done
Event: 14370.875 Executing VM operation: get/set locals
Event: 14370.875 Executing VM operation: get/set locals done
Event: 14370.875 Executing VM operation: get/set locals
Event: 14370.875 Executing VM operation: get/set locals done
Event: 14401.144 Executing VM operation: Cleanup
Event: 14401.144 Executing VM operation: Cleanup done
Event: 14429.360 Executing VM operation: HandshakeAllThreads (HandshakeForDeflation)
Event: 14429.360 Executing VM operation: HandshakeAllThreads (HandshakeForDeflation) done
Event: 14429.360 Executing VM operation: RendezvousGCThreads
Event: 14429.360 Executing VM operation: RendezvousGCThreads done
Event: 14456.474 Executing VM operation: ChangeSingleStep
Event: 14456.474 Executing VM operation: ChangeSingleStep done
Event: 14456.478 Executing VM operation: ChangeSingleStep
Event: 14456.478 Executing VM operation: ChangeSingleStep done
Event: 14456.487 Executing VM operation: G1CollectForAllocation (G1 Evacuation Pause)

Events (20 events):
Event: 14370.240 Thread 0x000001366e054d30 Thread exited: 0x000001366e054d30
Event: 14370.265 Thread 0x000001366e0532f0 Thread added: 0x000001366e0532f0
Event: 14370.265 Thread 0x000001366e0532f0 Thread exited: 0x000001366e0532f0
Event: 14370.265 Thread 0x000001366e0518b0 Thread added: 0x000001366e0518b0
Event: 14370.283 Thread 0x000001366ded21c0 Thread added: 0x000001366ded21c0
Event: 14370.283 Thread 0x000001366ded0d50 Thread added: 0x000001366ded0d50
Event: 14370.283 Thread 0x000001366ded1420 Thread added: 0x000001366ded1420
Event: 14370.299 Thread 0x000001366e0553c0 Thread added: 0x000001366e0553c0
Event: 14370.321 Thread 0x000001366e0553c0 Thread exited: 0x000001366e0553c0
Event: 14370.499 Thread 0x000001366e054010 Thread added: 0x000001366e054010
Event: 14370.499 Thread 0x000001366e0546a0 Thread added: 0x000001366e0546a0
Event: 14370.499 Thread 0x000001366e054d30 Thread added: 0x000001366e054d30
Event: 14370.553 Thread 0x000001366e056770 Thread added: 0x000001366e056770
Event: 14370.660 Thread 0x000001366e0553c0 Thread added: 0x000001366e0553c0
Event: 14375.577 Thread 0x000001366ded1420 Thread exited: 0x000001366ded1420
Event: 14376.116 Thread 0x000001366e0553c0 Thread exited: 0x000001366e0553c0
Event: 14380.591 Thread 0x000001366ded0d50 Thread exited: 0x000001366ded0d50
Event: 14380.591 Thread 0x000001366ded21c0 Thread exited: 0x000001366ded21c0
Event: 14400.586 Thread 0x000001366ded2f60 Thread added: 0x000001366ded2f60
Event: 14405.599 Thread 0x000001366ded2f60 Thread exited: 0x000001366ded2f60


Dynamic libraries:
0x00007ff640910000 - 0x00007ff64091e000 	C:\Users\seali\Downloads\pleiades-2023-09-java-win-64bit-jre_20231005\java\21\bin\javaw.exe
0x00007ff98a4f0000 - 0x00007ff98a707000 	C:\WINDOWS\SYSTEM32\ntdll.dll
0x00007ff988250000 - 0x00007ff988314000 	C:\WINDOWS\System32\KERNEL32.DLL
0x00007ff987cc0000 - 0x00007ff988067000 	C:\WINDOWS\System32\KERNELBASE.dll
0x00007ff987ba0000 - 0x00007ff987cb1000 	C:\WINDOWS\System32\ucrtbase.dll
0x00007ff984ae0000 - 0x00007ff984afb000 	C:\Users\seali\Downloads\pleiades-2023-09-java-win-64bit-jre_20231005\java\21\bin\VCRUNTIME140.dll
0x00007ff984b00000 - 0x00007ff984b18000 	C:\Users\seali\Downloads\pleiades-2023-09-java-win-64bit-jre_20231005\java\21\bin\jli.dll
0x00007ff9891d0000 - 0x00007ff98937e000 	C:\WINDOWS\System32\USER32.dll
0x00007ff987870000 - 0x00007ff987896000 	C:\WINDOWS\System32\win32u.dll
0x00007ff97be90000 - 0x00007ff97c123000 	C:\WINDOWS\WinSxS\amd64_microsoft.windows.common-controls_6595b64144ccf1df_6.0.22621.2506_none_270c5ae97388e100\COMCTL32.dll
0x00007ff989fa0000 - 0x00007ff989fc9000 	C:\WINDOWS\System32\GDI32.dll
0x00007ff988320000 - 0x00007ff9883c7000 	C:\WINDOWS\System32\msvcrt.dll
0x00007ff988130000 - 0x00007ff988249000 	C:\WINDOWS\System32\gdi32full.dll
0x00007ff987a80000 - 0x00007ff987b1a000 	C:\WINDOWS\System32\msvcp_win.dll
0x00007ff9883d0000 - 0x00007ff988401000 	C:\WINDOWS\System32\IMM32.DLL
0x00007ff984b80000 - 0x00007ff984b8c000 	C:\Users\seali\Downloads\pleiades-2023-09-java-win-64bit-jre_20231005\java\21\bin\vcruntime140_1.dll
0x00007ff97bd90000 - 0x00007ff97be1d000 	C:\Users\seali\Downloads\pleiades-2023-09-java-win-64bit-jre_20231005\java\21\bin\msvcp140.dll
0x00007ff908380000 - 0x00007ff90910c000 	C:\Users\seali\Downloads\pleiades-2023-09-java-win-64bit-jre_20231005\java\21\bin\server\jvm.dll
0x00007ff989a50000 - 0x00007ff989b00000 	C:\WINDOWS\System32\ADVAPI32.dll
0x00007ff989ef0000 - 0x00007ff989f96000 	C:\WINDOWS\System32\sechost.dll
0x00007ff988420000 - 0x00007ff988537000 	C:\WINDOWS\System32\RPCRT4.dll
0x00007ff989b10000 - 0x00007ff989b81000 	C:\WINDOWS\System32\WS2_32.dll
0x00007ff987740000 - 0x00007ff98778d000 	C:\WINDOWS\SYSTEM32\POWRPROF.dll
0x00007ff9815a0000 - 0x00007ff9815aa000 	C:\WINDOWS\SYSTEM32\VERSION.dll
0x00007ff976760000 - 0x00007ff976794000 	C:\WINDOWS\SYSTEM32\WINMM.dll
0x00007ff987720000 - 0x00007ff987733000 	C:\WINDOWS\SYSTEM32\UMPDC.dll
0x00007ff986810000 - 0x00007ff986828000 	C:\WINDOWS\SYSTEM32\kernel.appcore.dll
0x00007ff982e40000 - 0x00007ff982e4a000 	C:\Users\seali\Downloads\pleiades-2023-09-java-win-64bit-jre_20231005\java\21\bin\jimage.dll
0x00007ff974090000 - 0x00007ff9742c3000 	C:\WINDOWS\SYSTEM32\DBGHELP.DLL
0x00007ff989fd0000 - 0x00007ff98a359000 	C:\WINDOWS\System32\combase.dll
0x00007ff988f40000 - 0x00007ff989017000 	C:\WINDOWS\System32\OLEAUT32.dll
0x00007ff975710000 - 0x00007ff975742000 	C:\WINDOWS\SYSTEM32\dbgcore.DLL
0x00007ff987b20000 - 0x00007ff987b9a000 	C:\WINDOWS\System32\bcryptPrimitives.dll
0x00007ff97c1c0000 - 0x00007ff97c1fc000 	C:\Users\seali\Downloads\pleiades-2023-09-java-win-64bit-jre_20231005\java\21\bin\jdwp.dll
0x00007ff982cd0000 - 0x00007ff982cde000 	C:\Users\seali\Downloads\pleiades-2023-09-java-win-64bit-jre_20231005\java\21\bin\instrument.dll
0x00007ff982ca0000 - 0x00007ff982cbf000 	C:\Users\seali\Downloads\pleiades-2023-09-java-win-64bit-jre_20231005\java\21\bin\java.dll
0x00007ff9886e0000 - 0x00007ff988f39000 	C:\WINDOWS\System32\SHELL32.dll
0x00007ff985790000 - 0x00007ff986084000 	C:\WINDOWS\SYSTEM32\windows.storage.dll
0x00007ff985650000 - 0x00007ff98578e000 	C:\WINDOWS\SYSTEM32\wintypes.dll
0x00007ff989d80000 - 0x00007ff989e73000 	C:\WINDOWS\System32\SHCORE.dll
0x00007ff989440000 - 0x00007ff98949e000 	C:\WINDOWS\System32\shlwapi.dll
0x00007ff9877a0000 - 0x00007ff9877c6000 	C:\WINDOWS\SYSTEM32\profapi.dll
0x00007ff982c90000 - 0x00007ff982c9c000 	C:\Users\seali\Downloads\pleiades-2023-09-java-win-64bit-jre_20231005\java\21\bin\dt_socket.dll
0x00007ff9862f0000 - 0x00007ff98631d000 	C:\WINDOWS\SYSTEM32\IPHLPAPI.DLL
0x00007ff986cf0000 - 0x00007ff986d59000 	C:\WINDOWS\system32\mswsock.dll
0x00007ff9863b0000 - 0x00007ff9864a9000 	C:\WINDOWS\SYSTEM32\DNSAPI.dll
0x00007ff989b00000 - 0x00007ff989b09000 	C:\WINDOWS\System32\NSI.dll
0x00007ff981560000 - 0x00007ff98156a000 	C:\Windows\System32\rasadhlp.dll
0x00007ff97fb60000 - 0x00007ff97fbe3000 	C:\WINDOWS\System32\fwpuclnt.dll
0x00007ff981d10000 - 0x00007ff981d28000 	C:\Users\seali\Downloads\pleiades-2023-09-java-win-64bit-jre_20231005\java\21\bin\zip.dll
0x00007ff982b20000 - 0x00007ff982b30000 	C:\Users\seali\Downloads\pleiades-2023-09-java-win-64bit-jre_20231005\java\21\bin\net.dll
0x00007ff9813e0000 - 0x00007ff981517000 	C:\WINDOWS\SYSTEM32\WINHTTP.dll
0x00007ff981af0000 - 0x00007ff981b06000 	C:\Users\seali\Downloads\pleiades-2023-09-java-win-64bit-jre_20231005\java\21\bin\nio.dll
0x00007ff982af0000 - 0x00007ff982af9000 	C:\Users\seali\Downloads\pleiades-2023-09-java-win-64bit-jre_20231005\java\21\bin\management.dll
0x00007ff981ba0000 - 0x00007ff981bab000 	C:\Users\seali\Downloads\pleiades-2023-09-java-win-64bit-jre_20231005\java\21\bin\management_ext.dll
0x00007ff989d70000 - 0x00007ff989d78000 	C:\WINDOWS\System32\PSAPI.DLL
0x00007ff946510000 - 0x00007ff946527000 	C:\WINDOWS\system32\napinsp.dll
0x00007ff9436a0000 - 0x00007ff9436bb000 	C:\WINDOWS\system32\pnrpnsp.dll
0x00007ff943680000 - 0x00007ff943691000 	C:\WINDOWS\System32\winrnr.dll
0x00007ff97fbf0000 - 0x00007ff97fc05000 	C:\WINDOWS\system32\wshbth.dll
0x00007ff943650000 - 0x00007ff943671000 	C:\WINDOWS\system32\nlansp_c.dll
0x00007ff980de0000 - 0x00007ff980df0000 	C:\Users\seali\Downloads\pleiades-2023-09-java-win-64bit-jre_20231005\java\21\bin\verify.dll
0x00007ff986f40000 - 0x00007ff986f5b000 	C:\WINDOWS\SYSTEM32\CRYPTSP.dll
0x00007ff9867d0000 - 0x00007ff986805000 	C:\WINDOWS\system32\rsaenh.dll
0x00007ff986de0000 - 0x00007ff986e0c000 	C:\WINDOWS\SYSTEM32\USERENV.dll
0x00007ff987110000 - 0x00007ff987138000 	C:\WINDOWS\SYSTEM32\bcrypt.dll
0x00007ff986f60000 - 0x00007ff986f6c000 	C:\WINDOWS\SYSTEM32\CRYPTBASE.dll
0x00007ff980dd0000 - 0x00007ff980dd7000 	C:\Users\seali\Downloads\pleiades-2023-09-java-win-64bit-jre_20231005\java\21\bin\extnet.dll
0x00007ff97f6a0000 - 0x00007ff97f6ae000 	C:\Users\seali\Downloads\pleiades-2023-09-java-win-64bit-jre_20231005\java\21\bin\sunmscapi.dll
0x00007ff987910000 - 0x00007ff987a76000 	C:\WINDOWS\System32\CRYPT32.dll
0x00007ff9870e0000 - 0x00007ff98710d000 	C:\WINDOWS\SYSTEM32\ncrypt.dll
0x00007ff9870a0000 - 0x00007ff9870d7000 	C:\WINDOWS\SYSTEM32\NTASN1.dll
0x00007ff975690000 - 0x00007ff975698000 	C:\WINDOWS\system32\wshunix.dll

dbghelp: loaded successfully - version: 4.0.5 - missing functions: none
symbol engine: initialized successfully - sym options: 0x614 - pdb path: .;C:\Users\seali\Downloads\pleiades-2023-09-java-win-64bit-jre_20231005\java\21\bin;C:\WINDOWS\SYSTEM32;C:\WINDOWS\WinSxS\amd64_microsoft.windows.common-controls_6595b64144ccf1df_6.0.22621.2506_none_270c5ae97388e100;C:\Users\seali\Downloads\pleiades-2023-09-java-win-64bit-jre_20231005\java\21\bin\server

VM Arguments:
jvm_args: -XX:+ShowCodeDetailsInExceptionMessages -agentlib:jdwp=transport=dt_socket,suspend=y,address=localhost:55100 -Dcom.sun.management.jmxremote -Dcom.sun.management.jmxremote.port=55099 -Dcom.sun.management.jmxremote.authenticate=false -Dcom.sun.management.jmxremote.ssl=false -Djava.rmi.server.hostname=localhost -Dspring.jmx.enabled=true -Dmanagement.endpoints.jmx.exposure.include=* -Dspring.application.admin.enabled=true -XX:TieredStopAtLevel=1 -Dspring.boot.project.name=NHS -javaagent:C:\Users\seali\Downloads\pleiades-2023-09-java-win-64bit-jre_20231005\eclipse\configuration\org.eclipse.osgi\252\0\.cp\lib\javaagent-shaded.jar -Dfile.encoding=UTF-8 -Dstdout.encoding=UTF-8 -Dstderr.encoding=UTF-8 
java_command: com.example.demo.NhsApplication --spring.output.ansi.enabled=always
java_class_path (initial): C:\Users\seali\git\NHS\bin\main;C:\Users\seali\.gradle\caches\modules-2\files-2.1\org.projectlombok\lombok\1.18.30\f195ee86e6c896ea47a1d39defbe20eb59cd149d\lombok-1.18.30.jar;C:\Users\seali\.gradle\caches\modules-2\files-2.1\org.springframework.boot\spring-boot-starter-data-jpa\3.1.5\5fdcfab1fe9d6dddf4352d71f5ed879eb1aa92c2\spring-boot-starter-data-jpa-3.1.5.jar;C:\Users\seali\.gradle\caches\modules-2\files-2.1\org.springframework.boot\spring-boot-starter-security\3.1.5\5609ddc1b11034278ca1174bfef45d0bea96f060\spring-boot-starter-security-3.1.5.jar;C:\Users\seali\.gradle\caches\modules-2\files-2.1\org.springframework.boot\spring-boot-starter-thymeleaf\3.1.5\3d5f1bff03e5e58b065ca230b7ee24b84bf7fe75\spring-boot-starter-thymeleaf-3.1.5.jar;C:\Users\seali\.gradle\caches\modules-2\files-2.1\org.springframework.boot\spring-boot-starter-validation\3.1.5\f653e6661ec3da08003789f4a6583d1674e333b1\spring-boot-starter-validation-3.1.5.jar;C:\Users\seali\.gradle\caches\modules-2\files-2.1\org.springframework.boot\spring-boot-starter-web\3.1.5\3674e5603cc25bc4dccf73b97d50234332fc3d72\spring-boot-starter-web-3.1.5.jar;C:\Users\seali\.gradle\caches\modules-2\files-2.1\org.thymeleaf.extras\thymeleaf-extras-springsecurity6\3.1.2.RELEASE\574c188eb147191e2f162419e9fc780fcf3256d7\thymeleaf-extras-springsecurity6-3.1.2.RELEASE.jar;C:\Users\seali\.gradle\caches\modules-2\files-2.1\org.springframework.boot\spring-boot-starter-aop\3.1.5\2ac1f8bf4c2bce13b46d04abafc69a4f1523a08\spring-boot-starter-aop-3.1.5.jar;C:\Users\seali\.gradle\caches\modules-2\files-2.1\org.springframework.boot\spring-boot-starter-jdbc\3.1.5\138c0e0ab493d8a51bb51dfc3b7144d702ff4c26\spring-boot-starter-jdbc-3.1.5.jar;C:\Users\seali\.gradle\caches\modules-2\files-2.1\org.hibernate.orm\hibernate-core\6.2.13.Final\de458672b40154ab9ecfe7466987ad1772167af8\hibernate-core-6.2.13.Final.jar;C:\Users\seali\.gradle\caches\modules-2\files-2.1\org.springframework.data\spring-data-jpa\3.1.5\6de79da064f0b97c6448e0bfa5d63da9fb6e1582\spring-data-jpa-3.1.5.jar;C:\Users\seali\.gradle\caches\modules-2\files-2.1\org.springframework\spring-aspects\6.0.13\59b1d3f507f5ed2e4ef357541c464925831bea9b\spring-aspects-6.0.13.jar;C:\Users\seali\.gradle\caches\modules-2\files-2.1\org.springframework.boot\spring-boot-starter-json\3.1.5\36ce79c1a5c63ffd72b092eb312cb35ac6edb128\spring-boot-starter-json-3.1.5.jar;C:\Users\seali\.gradle\caches\modules-2\files-2.1\org.springframework.boot\spring-boot-starter\3.1.5\a14cd17b86261933929566775d80c65b9f7440fc\spring-boot-starter-3.1.5.jar;C:\Users\seali\.gradle\caches\modules-2\files-2.1\org.springframework.security\spring-security-config\6.1.5\be13612112c6400267c14320562078e8b50e65f6\spring-security-config-6.1.5.jar;C:\Users\seali\.gradle\caches\modules-2\files-2.1\org.springframework.security\spring-security-web\6.1.5\51ebfc2c683feca057a1d9696d906fc77bd79db6\spring-security-web-6.1.5.jar;C:\Users\seali\.gradle\caches\modules-2\files-2.1\org.springframework\spring-webmvc\6.0.13\df1230a7dde55b9ce9d72670b42d621dc2e481df\spring-webmvc-6.0.13.jar;C:\Users\seali\.gradle\caches\modules-2\files-2.1\org.springframework.boot\spring-boot-autoconfigure\3.1.5\42a5b2ee98f700fba8d8c88d4af7b23266f1de0f\spring-boot-autoconfigure-3.1.5.jar;C:\Users\seali\.gradle\caches\modules-2\files-2.1\org.springframework.boot\spring-boot\3.1.5\c188015a5a79f5df65e876dcfdef16148c45fe2c\spring-boot-3.1.5.jar;C:\Users\seali\.gradle\caches\modules-2\files-2.1\org.springframework.security\spring-security-core\6.1.5\bc6fe788306b296c210db471a02d7d8f2ea4e7cd\spring-security-core-6.1.5.jar;C:\Users\seali\.gradle\caches\modules-2\files-2.1\org.springframework\spring-context\6.0.13\4c49af6dde7fce9602049f952b45ca29f30e2a37\spring-context-6.0.13.jar;C:\Users\seali\.gradle\caches\modules-2\files-2.1\org.springframework\spring-aop\6.0.13\aae1a18033787c9d324322f4470b12264e773e83\spring-aop-6.0.13.jar;C:\Users\seali\.gradle\caches\modules-2\files-2.1\org.thymeleaf\thymeleaf-spring6\3.1.2.RELEASE\6030c7b4e260c41336f378e53da6e8531263f24b\thymeleaf-spring6-3.1.2.RELEASE.jar;C:\Users\seali\.gradle\caches\modules-2\files-2.1\org.springframework.boot\spring-boot-starter-tomcat\3.1.5\4b362b923ec1ca080556c4e55fe4ae73cf5a84d7\spring-boot-starter-tomcat-3.1.5.jar;C:\Users\seali\.gradle\caches\modules-2\files-2.1\org.apache.tomcat.embed\tomcat-embed-el\10.1.15\49e784ef48d5fc7bc48d7e2a7ceb57e88b4d58b7\tomcat-embed-el-10.1.15.jar;C:\Users\seali\.gradle\caches\modules-2\files-2.1\org.hibernate.validator\hibernate-validator\8.0.1.Final\e49e116b3d3928060599b176b3538bb848718e95\hibernate-validator-8.0.1.Final.jar;C:\Users\seali\.gradle\caches\modules-2\files-2.1\org.springframework\spring-web\6.0.13\c374fcaf34d82d735a1dcf2c496f064488aa2b20\spring-web-6.0.13.jar;C:\Users\seali\.gradle\caches\modules-2\files-2.1\com.zaxxer\HikariCP\5.0.1\a74c7f0a37046846e88d54f7cb6ea6d565c65f9c\HikariCP-5.0.1.jar;C:\Users\seali\.gradle\caches\modules-2\files-2.1\org.springframework.data\spring-data-commons\3.1.5\227d0b2dd185458c58e89b2a4696d1b752536a72\spring-data-commons-3.1.5.jar;C:\Users\seali\.gradle\caches\modules-2\files-2.1\org.thymeleaf\thymeleaf\3.1.2.RELEASE\273997509a4c7aef86cee0521750140c587d9be2\thymeleaf-3.1.2.RELEASE.jar;C:\Users\seali\.gradle\caches\modules-2\files-2.1\org.springframework.boot\spring-boot-starter-logging\3.1.5\8d8a91061baa4347d97a8fe15f3337d943badab\spring-boot-starter-logging-3.1.5.jar;C:\Users\seali\.gradle\caches\modules-2\files-2.1\ch.qos.logback\logback-classic\1.4.11\54450c0c783e896a1a6d88c043bd2f1daba1c382\logback-classic-1.4.11.jar;C:\Users\seali\.gradle\caches\modules-2\files-2.1\org.apache.logging.log4j\log4j-to-slf4j\2.20.0\d37f81f8978e2672bc32c82712ab4b3f66624adc\log4j-to-slf4j-2.20.0.jar;C:\Users\seali\.gradle\caches\modules-2\files-2.1\org.slf4j\jul-to-slf4j\2.0.9\9ef7c70b248185845f013f49a33ff9ca65b7975\jul-to-slf4j-2.0.9.jar;C:\Users\seali\.gradle\caches\modules-2\files-2.1\org.slf4j\slf4j-api\2.0.9\7cf2726fdcfbc8610f9a71fb3ed639871f315340\slf4j-api-2.0.9.jar;C:\Users\seali\.gradle\caches\modules-2\files-2.1\org.aspectj\aspectjweaver\1.9.20\da562407e43f74c0f8f5f5df4065d85ec1736d01\aspectjweaver-1.9.20.jar;C:\Users\seali\.gradle\caches\modules-2\files-2.1\org.springframework\spring-orm\6.0.13\604257dc4f28bf178c348a9e12068600838d61d2\spring-orm-6.0.13.jar;C:\Users\seali\.gradle\caches\modules-2\files-2.1\org.springframework\spring-jdbc\6.0.13\67227f30eef525551983ad02071770ea685f2626\spring-jdbc-6.0.13.jar;C:\Users\seali\.gradle\caches\modules-2\files-2.1\jakarta.persistence\jakarta.persistence-api\3.1.0\66901fa1c373c6aff65c13791cc11da72060a8d6\jakarta.persistence-api-3.1.0.jar;C:\Users\seali\.gradle\caches\modules-2\files-2.1\jakarta.transaction\jakarta.transaction-api\2.0.1\51a520e3fae406abb84e2e1148e6746ce3f80a1a\jakarta.transaction-api-2.0.1.jar;C:\Users\seali\.gradle\caches\modules-2\files-2.1\org.springframework\spring-tx\6.0.13\182219d97469f459e0c44033d5dc5260d042cfb\spring-tx-6.0.13.jar;C:\Users\seali\.gradle\caches\modules-2\files-2.1\org.springframework\spring-beans\6.0.13\5b205c9f2fb07c1367db144ce7ab305f94300604\spring-beans-6.0.13.jar;C:\Users\seali\.gradle\caches\modules-2\files-2.1\org.springframework\spring-expression\6.0.13\2bedffa4a3850bbbb652a31c47671824b17fbe01\spring-expression-6.0.13.jar;C:\Users\seali\.gradle\caches\modules-2\files-2.1\org.springframework\spring-core\6.0.13\cd565c2408e37d2026822b871cd43e69da8ec40e\spring-core-6.0.13.jar;C:\Users\seali\.gradle\caches\modules-2\files-2.1\org.antlr\antlr4-runtime\4.10.1\10839f875928f59c622d675091d51a43ea0dc5f7\antlr4-runtime-4.10.1.jar;C:\Users\seali\.gradle\caches\modules-2\files-2.1\jakarta.annotation\jakarta.annotation-api\2.1.1\48b9bda22b091b1f48b13af03fe36db3be6e1ae3\jakarta.annotation-api-2.1.1.jar;C:\Users\seali\.gradle\caches\modules-2\files-2.1\org.yaml\snakeyaml\1.33\2cd0a87ff7df953f810c344bdf2fe3340b954c69\snakeyaml-1.33.jar;C:\Users\seali\.gradle\caches\modules-2\files-2.1\jakarta.validation\jakarta.validation-api\3.0.2\92b6631659ba35ca09e44874d3eb936edfeee532\jakarta.validation-api-3.0.2.jar;C:\Users\seali\.gradle\caches\modules-2\files-2.1\org.jboss.logging\jboss-logging\3.5.3.Final\c88fc1d8a96d4c3491f55d4317458ccad53ca663\jboss-logging-3.5.3.Final.jar;C:\Users\seali\.gradle\caches\modules-2\files-2.1\com.fasterxml\classmate\1.5.1\3fe0bed568c62df5e89f4f174c101eab25345b6c\classmate-1.5.1.jar;C:\Users\seali\.gradle\caches\modules-2\files-2.1\com.fasterxml.jackson.datatype\jackson-datatype-jsr310\2.15.3\4a20a0e104931bfa72f24ef358c2eb63f1ef2aaf\jackson-datatype-jsr310-2.15.3.jar;C:\Users\seali\.gradle\caches\modules-2\files-2.1\com.fasterxml.jackson.module\jackson-module-parameter-names\2.15.3\8d251b90c5358677e7d8161e0c2488e6f84f49da\jackson-module-parameter-names-2.15.3.jar;C:\Users\seali\.gradle\caches\modules-2\files-2.1\com.fasterxml.jackson.core\jackson-annotations\2.15.3\79baf4e605eb3bbb60b1c475d44a7aecceea1d60\jackson-annotations-2.15.3.jar;C:\Users\seali\.gradle\caches\modules-2\files-2.1\com.fasterxml.jackson.core\jackson-core\2.15.3\60d600567c1862840397bf9ff5a92398edc5797b\jackson-core-2.15.3.jar;C:\Users\seali\.gradle\caches\modules-2\files-2.1\com.fasterxml.jackson.datatype\jackson-datatype-jdk8\2.15.3\80158cb020c7bd4e4ba94d8d752a65729dc943b2\jackson-datatype-jdk8-2.15.3.jar;C:\Users\seali\.gradle\caches\modules-2\files-2.1\com.fasterxml.jackson.core\jackson-databind\2.15.3\a734bc2c47a9453c4efa772461a3aeb273c010d9\jackson-databind-2.15.3.jar;C:\Users\seali\.gradle\caches\modules-2\files-2.1\org.apache.tomcat.embed\tomcat-embed-websocket\10.1.15\14cc0999d4a5128dc9bb8862487aa8ed4cd7fcd8\tomcat-embed-websocket-10.1.15.jar;C:\Users\seali\.gradle\caches\modules-2\files-2.1\org.apache.tomcat.embed\tomcat-embed-core\10.1.15\e3a725405f494abc0fd4f30263c2e6ad87052de1\tomcat-embed-core-10.1.15.jar;C:\Users\seali\.gradle\caches\modules-2\files-2.1\io.micrometer\micrometer-observation\1.11.5\803f341121416365d1c438fe2a7290b146fadc92\micrometer-observation-1.11.5.jar;C:\Users\seali\.gradle\caches\modules-2\files-2.1\org.springframework\spring-jcl\6.0.13\91ea90f2de4c71dac3cff04882156b00cdca3e0d\spring-jcl-6.0.13.jar;C:\Users\seali\.gradle\caches\modules-2\files-2.1\org.springframework.security\spring-security-crypto\6.1.5\971a767ef1ef6bea94486ac944f0e17b143dc680\spring-security-crypto-6.1.5.jar;C:\Users\seali\.gradle\caches\modules-2\files-2.1\org.attoparser\attoparser\2.0.7.RELEASE\e5d0e988d9124139d645bb5872b24dfa23e283cc\attoparser-2.0.7.RELEASE.jar;C:\Users\seali\.gradle\caches\modules-2\files-2.1\org.unbescape\unbescape\1.1.6.RELEASE\7b90360afb2b860e09e8347112800d12c12b2a13\unbescape-1.1.6.RELEASE.jar;C:\Users\seali\.gradle\caches\modules-2\files-2.1\io.micrometer\micrometer-commons\1.11.5\3e708f737ba2674823201a836b5858482b183902\micrometer-commons-1.11.5.jar;C:\Users\seali\.gradle\caches\modules-2\files-2.1\ch.qos.logback\logback-core\1.4.11\2f9f280219a9922a74200eaf7138c4c17fb87c0f\logback-core-1.4.11.jar;C:\Users\seali\.gradle\caches\modules-2\files-2.1\org.apache.logging.log4j\log4j-api\2.20.0\1fe6082e660daf07c689a89c94dc0f49c26b44bb\log4j-api-2.20.0.jar;C:\Users\seali\.gradle\caches\modules-2\files-2.1\org.springframework.boot\spring-boot-devtools\3.1.5\e7725476fbcd154d7ee5d85446cac2e16db1d818\spring-boot-devtools-3.1.5.jar;C:\Users\seali\.gradle\caches\modules-2\files-2.1\org.postgresql\postgresql\42.6.0\7614cfce466145b84972781ab0079b8dea49e363\postgresql-42.6.0.jar;C:\Users\seali\.gradle\caches\modules-2\files-2.1\org.checkerframework\checker-qual\3.31.0\eeefd4af42e2f4221d145c1791582f91868f99ab\checker-qual-3.31.0.jar;C:\Users\seali\.gradle\caches\modules-2\files-2.1\org.hibernate.common\hibernate-commons-annotations\6.0.6.Final\77a5f94b56d49508e0ee334751db5b78e5ccd50c\hibernate-commons-annotations-6.0.6.Final.jar;C:\Users\seali\.gradle\caches\modules-2\files-2.1\io.smallrye\jandex\3.0.5\c548a4871b552292dbdd65409d3fda145c8925c1\jandex-3.0.5.jar;C:\Users\seali\.gradle\caches\modules-2\files-2.1\net.bytebuddy\byte-buddy\1.14.9\b69e7fff6c473d3ed2b489cdfd673a091fd94226\byte-buddy-1.14.9.jar;C:\Users\seali\.gradle\caches\modules-2\files-2.1\org.glassfish.jaxb\jaxb-runtime\4.0.3\93af25be25b2c92c83e0ce61cb8b3ed23568f316\jaxb-runtime-4.0.3.jar;C:\Users\seali\.gradle\caches\modules-2\files-2.1\org.glassfish.jaxb\jaxb-core\4.0.3\e9093b4a82069a1d78ee9a3233ca387bca88861f\jaxb-core-4.0.3.jar;C:\Users\seali\.gradle\caches\modules-2\files-2.1\jakarta.xml.bind\jakarta.xml.bind-api\4.0.1\ca2330866cbc624c7e5ce982e121db1125d23e15\jakarta.xml.bind-api-4.0.1.jar;C:\Users\seali\.gradle\caches\modules-2\files-2.1\jakarta.inject\jakarta.inject-api\2.0.1\4c28afe1991a941d7702fe1362c365f0a8641d1e\jakarta.inject-api-2.0.1.jar;C:\Users\seali\.gradle\caches\modules-2\files-2.1\org.eclipse.angus\angus-activation\2.0.1\eaafaf4eb71b400e4136fc3a286f50e34a68ecb7\angus-activation-2.0.1.jar;C:\Users\seali\.gradle\caches\modules-2\files-2.1\jakarta.activation\jakarta.activation-api\2.1.2\640c0d5aff45dbff1e1a1bc09673ff3a02b1ba12\jakarta.activation-api-2.1.2.jar;C:\Users\seali\.gradle\caches\modules-2\files-2.1\org.glassfish.jaxb\txw2\4.0.3\47b8fe31c6d1a3382203af919400527389e01e9c\txw2-4.0.3.jar;C:\Users\seali\.gradle\caches\modules-2\files-2.1\com.sun.istack\istack-commons-runtime\4.1.2\18ec117c85f3ba0ac65409136afa8e42bc74e739\istack-commons-runtime-4.1.2.jar
Launcher Type: SUN_STANDARD

[Global flags]
     intx CICompilerCount                          = 12                                        {product} {ergonomic}
     uint ConcGCThreads                            = 3                                         {product} {ergonomic}
     uint G1ConcRefinementThreads                  = 13                                        {product} {ergonomic}
   size_t G1HeapRegionSize                         = 2097152                                   {product} {ergonomic}
    uintx GCDrainStackTargetSize                   = 64                                        {product} {ergonomic}
   size_t InitialHeapSize                          = 266338304                                 {product} {ergonomic}
     bool ManagementServer                         = true                                      {product} {command line}
   size_t MarkStackSize                            = 4194304                                   {product} {ergonomic}
   size_t MaxHeapSize                              = 4234149888                                {product} {ergonomic}
   size_t MaxNewSize                               = 2539651072                                {product} {ergonomic}
   size_t MinHeapDeltaBytes                        = 2097152                                   {product} {ergonomic}
   size_t MinHeapSize                              = 8388608                                   {product} {ergonomic}
    uintx NonNMethodCodeHeapSize                   = 4096                                   {pd product} {ergonomic}
    uintx NonProfiledCodeHeapSize                  = 0                                      {pd product} {ergonomic}
     bool ProfileInterpreter                       = false                                  {pd product} {command line}
    uintx ProfiledCodeHeapSize                     = 0                                      {pd product} {ergonomic}
     bool ShowCodeDetailsInExceptionMessages       = true                                   {manageable} {command line}
   size_t SoftMaxHeapSize                          = 4234149888                             {manageable} {ergonomic}
     intx TieredStopAtLevel                        = 1                                         {product} {command line}
     bool UseCompressedOops                        = true                           {product lp64_product} {ergonomic}
     bool UseG1GC                                  = true                                      {product} {ergonomic}
     bool UseLargePagesIndividualAllocation        = false                                  {pd product} {ergonomic}

Logging:
Log output configuration:
 #0: stdout all=warning uptime,level,tags foldmultilines=false
 #1: stderr all=off uptime,level,tags foldmultilines=false

Environment Variables:
PATH=C:/Users/seali/Downloads/pleiades-2023-09-java-win-64bit-jre_20231005/java/17/bin/server;C:/Users/seali/Downloads/pleiades-2023-09-java-win-64bit-jre_20231005/java/17/bin;C:\Program Files (x86)\Razer Chroma SDK\bin;C:\Program Files\Razer Chroma SDK\bin;C:\Program Files (x86)\Razer\ChromaBroadcast\bin;C:\Program Files\Razer\ChromaBroadcast\bin;C:\Windows\system32;C:\Windows;C:\Windows\System32\Wbem;C:\Windows\System32\WindowsPowerShell\v1.0\;C:\Windows\System32\OpenSSH\;C:\Program Files (x86)\NVIDIA Corporation\PhysX\Common;C:\Program Files\NVIDIA Corporation\NVIDIA NvDLISR;C:\WINDOWS\system32;C:\WINDOWS;C:\WINDOWS\System32\Wbem;C:\WINDOWS\System32\WindowsPowerShell\v1.0\;C:\WINDOWS\System32\OpenSSH\;C:\WINDOWS\system32\config\systemprofile\AppData\Local\Microsoft\WindowsApps;;%SystemRoot%\system32;%SystemRoot%;%SystemRoot%\System32\Wbem;%SYSTEMROOT%\System32\WindowsPowerShell\v1.0\;%SYSTEMROOT%\System32\OpenSSH\;C:\Users\seali\AppData\Local\Microsoft\WindowsApps;C:\Program Files\PostgreSQL\15\bin;;C:\Users\seali\AppData\Local\Programs\Microsoft VS Code\bin;C:\Users\seali\Downloads\pleiades-2023-09-java-win-64bit-jre_20231005\eclipse;
USERNAME=seali
OS=Windows_NT
PROCESSOR_IDENTIFIER=Intel64 Family 6 Model 167 Stepping 1, GenuineIntel
TMP=C:\Users\seali\AppData\Local\Temp
TEMP=C:\Users\seali\AppData\Local\Temp




---------------  S Y S T E M  ---------------

OS:
 Windows 11 , 64 bit Build 22621 (10.0.22621.2506)
OS uptime: 4 days 2:45 hours

CPU: total 16 (initial active 16) (8 cores per cpu, 2 threads per core) family 6 model 167 stepping 1 microcode 0x3c, cx8, cmov, fxsr, ht, mmx, 3dnowpref, sse, sse2, sse3, ssse3, sse4.1, sse4.2, popcnt, lzcnt, tsc, tscinvbit, avx, avx2, aes, erms, clmul, bmi1, bmi2, adx, avx512f, avx512dq, avx512cd, avx512bw, avx512vl, sha, fma, vzeroupper, avx512_vpopcntdq, avx512_vpclmulqdq, avx512_vaes, avx512_vnni, clflush, clflushopt, avx512_vbmi2, avx512_vbmi, rdtscp, rdpid, fsrm, gfni, avx512_bitalg, f16c, pku, avx512_ifma
Processor Information for all 16 processors :
  Max Mhz: 2496, Current Mhz: 2496, Mhz Limit: 2496

Memory: 4k page, system-wide physical 16145M (3320M free)
TotalPageFile size 32017M (AvailPageFile size 8438M)
current process WorkingSet (physical memory assigned to process): 254M, peak: 258M
current process commit charge ("private bytes"): 307M, peak: 384M

vm_info: OpenJDK 64-Bit Server VM (21-beta+35-ea) for windows-amd64 JRE (21-beta+35-ea), built on 2023-09-04 21:31:52 by "admin" with MS VC++ 16.10 / 16.11 (VS2019)

END.
